#
# A fatal error has been detected by the Java Runtime Environment:
#
#  SIGSEGV (0xb) at pc=0x00007f0f1d6df3b8, pid=4308, tid=0x00007f0f082a0700
#
# JRE version: OpenJDK Runtime Environment (8.0_162-b12) (build 1.8.0_162-b12)
# Java VM: OpenJDK 64-Bit Server VM (25.162-b12 mixed mode linux-amd64 compressed oops)
# Problematic frame:
# V  [libjvm.so+0x6b73b8]
#
# Core dump written. Default location: /home/sunit/IdeaProjects/SparkML/core or core.4308
#
# If you would like to submit a bug report, please visit:
#   http://bugreport.java.com/bugreport/crash.jsp
#

---------------  T H R E A D  ---------------

Current thread (0x00007f0f18027000):  GCTaskThread [stack: 0x00007f0f081a1000,0x00007f0f082a1000] [id=4314]

siginfo: si_signo: 11 (SIGSEGV), si_code: 1 (SEGV_MAPERR), si_addr: 0x0000000000000100

Registers:
RAX=0x0000000000000000, RBX=0x00007f0f0829fd30, RCX=0x00007f0f0829fd50, RDX=0x0000000000000000
RSP=0x00007f0f0829f670, RBP=0x00007f0f0829f6a0, RSI=0x00007f0f0829fd30, RDI=0x0000000000000000
R8 =0x0000000000000009, R9 =0x0000000000000003, R10=0x00000000d8b2c675, R11=0x0000000000000010
R12=0x0000000000000000, R13=0x0000000000000000, R14=0x0000000000000000, R15=0x00007f0f0829fd30
RIP=0x00007f0f1d6df3b8, EFLAGS=0x0000000000010202, CSGSFS=0x002b000000000033, ERR=0x0000000000000004
  TRAPNO=0x000000000000000e

Top of Stack: (sp=0x00007f0f0829f670)
0x00007f0f0829f670:   0000000000000000 00007f0f0829fd30
0x00007f0f0829f680:   00007f0eb80a2800 00007f0f18050b50
0x00007f0f0829f690:   0000000000000000 00007f0f0829fd50
0x00007f0f0829f6a0:   00007f0f0829fd20 00007f0f1da5eea8
0x00007f0f0829f6b0:   00007f0f18027000 00007f0f0829f6c0
0x00007f0f0829f6c0:   00007f0f1ed9d9c8 00007f0f08be54e7
0x00007f0f0829f6d0:   00007f0f08be53d0 0000000000000000
0x00007f0f0829f6e0:   00007f0f1ed9da30 00007f0f1ed9d9c8
0x00007f0f0829f6f0:   00007f0f1ed9d9c8 00007f0f08be54e7
0x00007f0f0829f700:   00007f0f08be53d0 0000000000000000
0x00007f0f0829f710:   00007f0f1ed9da30 00007f0f1ed9d9c8
0x00007f0f0829f720:   00007f0eb74f71d8 00007f0eb74f71dc
0x00007f0f0829f730:   00007f0eb74f71d0 00007f0eb74f71d4
0x00007f0f0829f740:   00007f0eb74f71c8 00007f0eb74f71cc
0x00007f0f0829f750:   00007f0eb74f71c0 00007f0eb74f71c4
0x00007f0f0829f760:   0000000000000000 0000000000000000
0x00007f0f0829f770:   00007f0f1ed9d9b8 00007f0f1ed9d9b8
0x00007f0f0829f780:   00007f0eb74f71a8 00007f0eb74f71ac
0x00007f0f0829f790:   00007f0eb74f71a0 00007f0eb74f71a4
0x00007f0f0829f7a0:   00007f0eb74f7198 00007f0eb74f719c
0x00007f0f0829f7b0:   00007f0eb74f7190 00007f0eb74f7194
0x00007f0f0829f7c0:   00007f0eb74f7188 00007f0eb74f718c
0x00007f0f0829f7d0:   00007f0eb74f7180 00007f0eb74f7184
0x00007f0f0829f7e0:   00007f0eb74f7178 00007f0eb74f717c
0x00007f0f0829f7f0:   00007f0eb74f7170 00007f0eb74f7174
0x00007f0f0829f800:   00007f0eb74f7168 00007f0eb74f716c
0x00007f0f0829f810:   00007f0eb74f7160 00007f0eb74f7164
0x00007f0f0829f820:   0000000000000000 0000000000000000
0x00007f0f0829f830:   0000000000000000 0000000000000000
0x00007f0f0829f840:   0000000000000000 0000000000000000
0x00007f0f0829f850:   0000000000000000 0000000000000000
0x00007f0f0829f860:   0000000000000000 0000000000000000 

Instructions: (pc=0x00007f0f1d6df3b8)
0x00007f0f1d6df398:   41 55 41 54 49 89 fd 53 49 89 f7 48 83 ec 08 66
0x00007f0f1d6df3a8:   0f 1f 84 00 00 00 00 00 4d 89 ec 0f 1f 44 00 00
0x00007f0f1d6df3b8:   41 8b b4 24 00 01 00 00 85 f6 7e 68 4d 8d 74 24
0x00007f0f1d6df3c8:   f8 bb 01 00 00 00 66 90 49 8b 44 dc f8 48 85 c0 

Register to memory mapping:

RAX=0x0000000000000000 is an unknown value
RBX=0x00007f0f0829fd30 is an unknown value
RCX=0x00007f0f0829fd50 is an unknown value
RDX=0x0000000000000000 is an unknown value
RSP=0x00007f0f0829f670 is an unknown value
RBP=0x00007f0f0829f6a0 is an unknown value
RSI=0x00007f0f0829fd30 is an unknown value
RDI=0x0000000000000000 is an unknown value
R8 =0x0000000000000009 is an unknown value
R9 =0x0000000000000003 is an unknown value
R10=0x00000000d8b2c675 is pointing into object: 0x00000000d8b2c660
java.lang.ThreadLocal$ThreadLocalMap 
 - klass: 'java/lang/ThreadLocal$ThreadLocalMap'
R11=0x0000000000000010 is an unknown value
R12=0x0000000000000000 is an unknown value
R13=0x0000000000000000 is an unknown value
R14=0x0000000000000000 is an unknown value
R15=0x00007f0f0829fd30 is an unknown value


Stack: [0x00007f0f081a1000,0x00007f0f082a1000],  sp=0x00007f0f0829f670,  free space=1017k
Native frames: (J=compiled Java code, j=interpreted, Vv=VM code, C=native code)
V  [libjvm.so+0x6b73b8]
V  [libjvm.so+0xa36ea8]
V  [libjvm.so+0x953b46]
V  [libjvm.so+0x5b3b86]
V  [libjvm.so+0x8d8432]


---------------  P R O C E S S  ---------------

Java Threads: ( => current thread )
  0x00007f0eb80a2800 JavaThread "scala-execution-context-global-147" daemon [_thread_blocked, id=4542, stack(0x00007f0e7f2a7000,0x00007f0e7f3a8000)]
  0x00007f0ee0001800 JavaThread "scala-execution-context-global-124" daemon [_thread_in_native, id=4516, stack(0x00007f0e7f3a8000,0x00007f0e7f4a9000)]
  0x00007f0ee4003000 JavaThread "scala-execution-context-global-123" daemon [_thread_in_native, id=4515, stack(0x00007f0e7f4a9000,0x00007f0e7f5aa000)]
  0x00007f0ed800b800 JavaThread "scala-execution-context-global-122" daemon [_thread_blocked, id=4514, stack(0x00007f0eb40df000,0x00007f0eb41e0000)]
  0x00007f0edcbf5800 JavaThread "scala-execution-context-global-121" daemon [_thread_in_native, id=4513, stack(0x00007f0eb5aef000,0x00007f0eb5bf0000)]
  0x00007f0ed0156000 JavaThread "scala-execution-context-global-120" daemon [_thread_in_native, id=4512, stack(0x00007f0eb56eb000,0x00007f0eb57ec000)]
  0x00007f0ed4411800 JavaThread "scala-execution-context-global-119" daemon [_thread_in_native, id=4511, stack(0x00007f0eb4de2000,0x00007f0eb4ee3000)]
  0x00007f0ec8045000 JavaThread "scala-execution-context-global-118" daemon [_thread_in_native, id=4510, stack(0x00007f0eb53e8000,0x00007f0eb54e9000)]
  0x00007f0ecc01e000 JavaThread "scala-execution-context-global-117" daemon [_thread_in_native, id=4509, stack(0x00007f0eb5cf1000,0x00007f0eb5df2000)]
  0x00007f0ec0075000 JavaThread "scala-execution-context-global-116" daemon [_thread_in_native, id=4508, stack(0x00007f0eb51e6000,0x00007f0eb52e7000)]
  0x00007f0eb809d800 JavaThread "scala-execution-context-global-115" daemon [_thread_in_native, id=4507, stack(0x00007f0eb50e5000,0x00007f0eb51e6000)]
  0x00007f0eb00d5800 JavaThread "scala-execution-context-global-114" daemon [_thread_in_native, id=4506, stack(0x00007f0eb59ee000,0x00007f0eb5aef000)]
  0x00007f0ea801b000 JavaThread "scala-execution-context-global-113" daemon [_thread_in_native, id=4505, stack(0x00007f0eb52e7000,0x00007f0eb53e8000)]
  0x00007f0eac085800 JavaThread "scala-execution-context-global-112" daemon [_thread_blocked, id=4504, stack(0x00007f0eb54e9000,0x00007f0eb55ea000)]
  0x00007f0ea0070800 JavaThread "scala-execution-context-global-111" daemon [_thread_in_native, id=4503, stack(0x00007f0eb4fe4000,0x00007f0eb50e5000)]
  0x00007f0ea4066800 JavaThread "scala-execution-context-global-110" daemon [_thread_in_native, id=4502, stack(0x00007f0eb60f5000,0x00007f0eb61f6000)]
  0x00007f0e98187800 JavaThread "scala-execution-context-global-109" daemon [_thread_in_native, id=4501, stack(0x00007f0eb58ed000,0x00007f0eb59ee000)]
  0x00007f0e9027d800 JavaThread "scala-execution-context-global-108" daemon [_thread_in_native, id=4500, stack(0x00007f0eb5ef3000,0x00007f0eb5ff4000)]
  0x00007f0e8c010800 JavaThread "scala-execution-context-global-107" daemon [_thread_in_native, id=4499, stack(0x00007f0eb57ec000,0x00007f0eb58ed000)]
  0x00007f0e94007000 JavaThread "scala-execution-context-global-106" daemon [_thread_in_native, id=4498, stack(0x00007f0eb4be0000,0x00007f0eb4ce1000)]
  0x00007f0e88066800 JavaThread "scala-execution-context-global-105" daemon [_thread_in_native, id=4497, stack(0x00007f0eb5ff4000,0x00007f0eb60f5000)]
  0x00007f0ea8013800 JavaThread "scala-execution-context-global-104" daemon [_thread_in_native, id=4496, stack(0x00007f0eb4ee3000,0x00007f0eb4fe4000)]
  0x00007f0e94001000 JavaThread "scala-execution-context-global-103" daemon [_thread_in_native, id=4495, stack(0x00007f0eb74fd000,0x00007f0eb75fe000)]
  0x00007f0e80005000 JavaThread "scala-execution-context-global-102" daemon [_thread_in_native, id=4494, stack(0x00007f0eb6ef9000,0x00007f0eb6ffa000)]
  0x00007f0eb0071800 JavaThread "scala-execution-context-global-101" daemon [_thread_in_native, id=4493, stack(0x00007f0eb75fe000,0x00007f0eb76ff000)]
  0x00007f0ea4039800 JavaThread "scala-execution-context-global-100" daemon [_thread_in_native, id=4492, stack(0x00007f0eb6ffa000,0x00007f0eb70fb000)]
  0x00007f0eac013000 JavaThread "scala-execution-context-global-99" daemon [_thread_in_native, id=4491, stack(0x00007f0eb70fb000,0x00007f0eb71fc000)]
  0x00007f0eb8078000 JavaThread "scala-execution-context-global-98" daemon [_thread_in_native, id=4490, stack(0x00007f0eb5df2000,0x00007f0eb5ef3000)]
  0x00007f0e8c003800 JavaThread "scala-execution-context-global-97" daemon [_thread_blocked, id=4489, stack(0x00007f0eb76ff000,0x00007f0eb7800000)]
  0x00007f0e8c06b000 JavaThread "scala-execution-context-global-96" daemon [_thread_blocked, id=4488, stack(0x00007f0eb55ea000,0x00007f0eb56eb000)]
  0x00007f0ea4039000 JavaThread "scala-execution-context-global-95" daemon [_thread_blocked, id=4487, stack(0x00007f0eb5bf0000,0x00007f0eb5cf1000)]
  0x00007f0ea4038000 JavaThread "scala-execution-context-global-94" daemon [_thread_in_native, id=4486, stack(0x00007f0eb4ce1000,0x00007f0eb4de2000)]
  0x00007f0e90084000 JavaThread "scala-execution-context-global-93" daemon [_thread_blocked, id=4485, stack(0x00007f0eb63f8000,0x00007f0eb64f9000)]
  0x00007f0e901ff800 JavaThread "Okio Watchdog" daemon [_thread_blocked, id=4470, stack(0x00007f0eb61f6000,0x00007f0eb62f7000)]
  0x00007f0e901ff000 JavaThread "OkHttp ConnectionPool" daemon [_thread_blocked, id=4469, stack(0x00007f0eb62f7000,0x00007f0eb63f8000)]
  0x00007f0f1b889800 JavaThread "pool-7-thread-3" [_thread_blocked, id=4466, stack(0x00007f0eb73fc000,0x00007f0eb74fd000)]
  0x00007f0f1a3d2000 JavaThread "Log4j2-TF-1-AsyncLogger[AsyncContext@223f3642]-1" daemon [_thread_blocked, id=4330, stack(0x00007f0ec7127000,0x00007f0ec7228000)]
  0x00007f0f181bb000 JavaThread "Service Thread" daemon [_thread_blocked, id=4324, stack(0x00007f0f04333000,0x00007f0f04434000)]
  0x00007f0f18195800 JavaThread "C1 CompilerThread2" daemon [_thread_blocked, id=4323, stack(0x00007f0f04435000,0x00007f0f04535000)]
  0x00007f0f18194000 JavaThread "C2 CompilerThread1" daemon [_thread_blocked, id=4322, stack(0x00007f0f04536000,0x00007f0f04636000)]
  0x00007f0f18191000 JavaThread "C2 CompilerThread0" daemon [_thread_blocked, id=4321, stack(0x00007f0f04637000,0x00007f0f04737000)]
  0x00007f0f1818f000 JavaThread "JDWP Event Helper Thread" daemon [_thread_blocked, id=4320, stack(0x00007f0f04737000,0x00007f0f04838000)]
  0x00007f0f1818b000 JavaThread "JDWP Transport Listener: dt_socket" daemon [_thread_in_native, id=4319, stack(0x00007f0f04838000,0x00007f0f04939000)]
  0x00007f0f1817f800 JavaThread "Signal Dispatcher" daemon [_thread_blocked, id=4318, stack(0x00007f0f04b3e000,0x00007f0f04c3f000)]
  0x00007f0f1814d800 JavaThread "Finalizer" daemon [_thread_blocked, id=4317, stack(0x00007f0f04c3f000,0x00007f0f04d40000)]
  0x00007f0f18149000 JavaThread "Reference Handler" daemon [_thread_blocked, id=4316, stack(0x00007f0f04d40000,0x00007f0f04e41000)]
  0x00007f0f1800d000 JavaThread "main" [_thread_blocked, id=4310, stack(0x00007f0f1ec9f000,0x00007f0f1ed9f000)]

Other Threads:
  0x00007f0f18141000 VMThread [stack: 0x00007f0f04e42000,0x00007f0f04f42000] [id=4315]
  0x00007f0f181bd800 WatcherThread [stack: 0x00007f0f04233000,0x00007f0f04333000] [id=4325]

=>0x00007f0f18027000 (exited) GCTaskThread [stack: 0x00007f0f081a1000,0x00007f0f082a1000] [id=4314]

VM state:at safepoint (normal execution)

VM Mutex/Monitor currently owned by a thread:  ([mutex/lock_event])
[0x00007f0f18009f00] Threads_lock - owner thread: 0x00007f0f18141000
[0x00007f0f1800a400] Heap_lock - owner thread: 0x00007f0eac085800

Heap:
 PSYoungGen      total 220160K, used 187948K [0x00000000f0000000, 0x00000000ffb00000, 0x0000000100000000)
  eden space 183808K, 100% used [0x00000000f0000000,0x00000000fb380000,0x00000000fb380000)
  from space 36352K, 11% used [0x00000000fb380000,0x00000000fb78b140,0x00000000fd700000)
  to   space 34304K, 9% used [0x00000000fd980000,0x00000000fdcd0030,0x00000000ffb00000)
 ParOldGen       total 235008K, used 143086K [0x00000000d0000000, 0x00000000de580000, 0x00000000f0000000)
  object space 235008K, 60% used [0x00000000d0000000,0x00000000d8bbbac8,0x00000000de580000)
 Metaspace       used 89864K, capacity 100806K, committed 100864K, reserved 1138688K
  class space    used 11591K, capacity 12285K, committed 12288K, reserved 1048576K

Card table byte_map: [0x00007f0f086a4000,0x00007f0f08825000] byte_map_base: 0x00007f0f08024000

Marking Bits: (ParMarkBitMap*) 0x00007f0f1df8f0c0
 Begin Bits: [0x00007f0f069a0000, 0x00007f0f075a0000)
 End Bits:   [0x00007f0f075a0000, 0x00007f0f081a0000)

Polling page: 0x00007f0f1edce000

CodeCache: size=245760Kb used=46557Kb max_used=47931Kb free=199202Kb
 bounds [0x00007f0f08be5000, 0x00007f0f0bb45000, 0x00007f0f17be5000]
 total_blobs=14571 nmethods=13896 adapters=592
 compilation: enabled

Compilation events (10 events):
Event: 89.553 Thread 0x00007f0f18194000 nmethod 17906 0x00007f0f0b40cb50 code [0x00007f0f0b40cd20, 0x00007f0f0b40d718]
Event: 89.554 Thread 0x00007f0f18191000 nmethod 17899 0x00007f0f0b4c3890 code [0x00007f0f0b4c3b40, 0x00007f0f0b4c5b98]
Event: 89.663 Thread 0x00007f0f18195800 17908       3       scala.collection.parallel.mutable.ResizableParArrayCombiner$$anon$1::$plus$plus$eq (6 bytes)
Event: 89.663 Thread 0x00007f0f18195800 nmethod 17908 0x00007f0f0945f190 code [0x00007f0f0945f300, 0x00007f0f0945f4e8]
Event: 89.666 Thread 0x00007f0f18195800 17909       3       java.util.ArrayDeque::addLast (53 bytes)
Event: 89.670 Thread 0x00007f0f18195800 nmethod 17909 0x00007f0f0934c050 code [0x00007f0f0934c200, 0x00007f0f0934c638]
Event: 89.679 Thread 0x00007f0f18195800 17911       3       scala.collection.parallel.mutable.ResizableParArrayCombiner$$anon$1::_combinerTaskSupport_$eq (6 bytes)
Event: 89.679 Thread 0x00007f0f18195800 nmethod 17911 0x00007f0f0a6d2550 code [0x00007f0f0a6d26a0, 0x00007f0f0a6d2810]
Event: 89.680 Thread 0x00007f0f18195800 17910       3       scala.collection.parallel.mutable.LazyCombiner::size (22 bytes)
Event: 89.680 Thread 0x00007f0f18195800 nmethod 17910 0x00007f0f0b628d10 code [0x00007f0f0b628ee0, 0x00007f0f0b6296e8]

GC Heap History (10 events):
Event: 86.405 GC heap after
Heap after GC invocations=42 (full 5):
 PSYoungGen      total 218624K, used 736K [0x00000000f0000000, 0x00000000ffd00000, 0x0000000100000000)
  eden space 177152K, 0% used [0x00000000f0000000,0x00000000f0000000,0x00000000fad00000)
  from space 41472K, 1% used [0x00000000fad00000,0x00000000fadb8000,0x00000000fd580000)
  to   space 40448K, 0% used [0x00000000fd580000,0x00000000fd580000,0x00000000ffd00000)
 ParOldGen       total 235008K, used 137396K [0x00000000d0000000, 0x00000000de580000, 0x00000000f0000000)
  object space 235008K, 58% used [0x00000000d0000000,0x00000000d862d208,0x00000000de580000)
 Metaspace       used 89709K, capacity 100588K, committed 100608K, reserved 1138688K
  class space    used 11583K, capacity 12270K, committed 12288K, reserved 1048576K
}
Event: 86.586 GC heap before
{Heap before GC invocations=43 (full 5):
 PSYoungGen      total 218624K, used 177888K [0x00000000f0000000, 0x00000000ffd00000, 0x0000000100000000)
  eden space 177152K, 100% used [0x00000000f0000000,0x00000000fad00000,0x00000000fad00000)
  from space 41472K, 1% used [0x00000000fad00000,0x00000000fadb8000,0x00000000fd580000)
  to   space 40448K, 0% used [0x00000000fd580000,0x00000000fd580000,0x00000000ffd00000)
 ParOldGen       total 235008K, used 137396K [0x00000000d0000000, 0x00000000de580000, 0x00000000f0000000)
  object space 235008K, 58% used [0x00000000d0000000,0x00000000d862d208,0x00000000de580000)
 Metaspace       used 89710K, capacity 100588K, committed 100608K, reserved 1138688K
  class space    used 11583K, capacity 12270K, committed 12288K, reserved 1048576K
Event: 86.593 GC heap after
Heap after GC invocations=43 (full 5):
 PSYoungGen      total 219648K, used 1088K [0x00000000f0000000, 0x00000000ffd00000, 0x0000000100000000)
  eden space 179200K, 0% used [0x00000000f0000000,0x00000000f0000000,0x00000000faf00000)
  from space 40448K, 2% used [0x00000000fd580000,0x00000000fd690000,0x00000000ffd00000)
  to   space 39424K, 0% used [0x00000000faf00000,0x00000000faf00000,0x00000000fd580000)
 ParOldGen       total 235008K, used 137996K [0x00000000d0000000, 0x00000000de580000, 0x00000000f0000000)
  object space 235008K, 58% used [0x00000000d0000000,0x00000000d86c3208,0x00000000de580000)
 Metaspace       used 89710K, capacity 100588K, committed 100608K, reserved 1138688K
  class space    used 11583K, capacity 12270K, committed 12288K, reserved 1048576K
}
Event: 86.765 GC heap before
{Heap before GC invocations=44 (full 5):
 PSYoungGen      total 219648K, used 180288K [0x00000000f0000000, 0x00000000ffd00000, 0x0000000100000000)
  eden space 179200K, 100% used [0x00000000f0000000,0x00000000faf00000,0x00000000faf00000)
  from space 40448K, 2% used [0x00000000fd580000,0x00000000fd690000,0x00000000ffd00000)
  to   space 39424K, 0% used [0x00000000faf00000,0x00000000faf00000,0x00000000fd580000)
 ParOldGen       total 235008K, used 137996K [0x00000000d0000000, 0x00000000de580000, 0x00000000f0000000)
  object space 235008K, 58% used [0x00000000d0000000,0x00000000d86c3208,0x00000000de580000)
 Metaspace       used 89710K, capacity 100588K, committed 100608K, reserved 1138688K
  class space    used 11583K, capacity 12270K, committed 12288K, reserved 1048576K
Event: 86.771 GC heap after
Heap after GC invocations=44 (full 5):
 PSYoungGen      total 218624K, used 576K [0x00000000f0000000, 0x00000000ffc00000, 0x0000000100000000)
  eden space 179200K, 0% used [0x00000000f0000000,0x00000000f0000000,0x00000000faf00000)
  from space 39424K, 1% used [0x00000000faf00000,0x00000000faf90000,0x00000000fd580000)
  to   space 37888K, 0% used [0x00000000fd700000,0x00000000fd700000,0x00000000ffc00000)
 ParOldGen       total 235008K, used 138972K [0x00000000d0000000, 0x00000000de580000, 0x00000000f0000000)
  object space 235008K, 59% used [0x00000000d0000000,0x00000000d87b7208,0x00000000de580000)
 Metaspace       used 89710K, capacity 100588K, committed 100608K, reserved 1138688K
  class space    used 11583K, capacity 12270K, committed 12288K, reserved 1048576K
}
Event: 86.936 GC heap before
{Heap before GC invocations=45 (full 5):
 PSYoungGen      total 218624K, used 179776K [0x00000000f0000000, 0x00000000ffc00000, 0x0000000100000000)
  eden space 179200K, 100% used [0x00000000f0000000,0x00000000faf00000,0x00000000faf00000)
  from space 39424K, 1% used [0x00000000faf00000,0x00000000faf90000,0x00000000fd580000)
  to   space 37888K, 0% used [0x00000000fd700000,0x00000000fd700000,0x00000000ffc00000)
 ParOldGen       total 235008K, used 138972K [0x00000000d0000000, 0x00000000de580000, 0x00000000f0000000)
  object space 235008K, 59% used [0x00000000d0000000,0x00000000d87b7208,0x00000000de580000)
 Metaspace       used 89711K, capacity 100588K, committed 100608K, reserved 1138688K
  class space    used 11583K, capacity 12270K, committed 12288K, reserved 1048576K
Event: 86.943 GC heap after
Heap after GC invocations=45 (full 5):
 PSYoungGen      total 221184K, used 960K [0x00000000f0000000, 0x00000000ffb80000, 0x0000000100000000)
  eden space 183808K, 0% used [0x00000000f0000000,0x00000000f0000000,0x00000000fb380000)
  from space 37376K, 2% used [0x00000000fd700000,0x00000000fd7f0000,0x00000000ffb80000)
  to   space 36352K, 0% used [0x00000000fb380000,0x00000000fb380000,0x00000000fd700000)
 ParOldGen       total 235008K, used 139460K [0x00000000d0000000, 0x00000000de580000, 0x00000000f0000000)
  object space 235008K, 59% used [0x00000000d0000000,0x00000000d8831208,0x00000000de580000)
 Metaspace       used 89711K, capacity 100588K, committed 100608K, reserved 1138688K
  class space    used 11583K, capacity 12270K, committed 12288K, reserved 1048576K
}
Event: 87.580 GC heap before
{Heap before GC invocations=46 (full 5):
 PSYoungGen      total 221184K, used 184768K [0x00000000f0000000, 0x00000000ffb80000, 0x0000000100000000)
  eden space 183808K, 100% used [0x00000000f0000000,0x00000000fb380000,0x00000000fb380000)
  from space 37376K, 2% used [0x00000000fd700000,0x00000000fd7f0000,0x00000000ffb80000)
  to   space 36352K, 0% used [0x00000000fb380000,0x00000000fb380000,0x00000000fd700000)
 ParOldGen       total 235008K, used 139460K [0x00000000d0000000, 0x00000000de580000, 0x00000000f0000000)
  object space 235008K, 59% used [0x00000000d0000000,0x00000000d8831208,0x00000000de580000)
 Metaspace       used 89786K, capacity 100670K, committed 100864K, reserved 1138688K
  class space    used 11585K, capacity 12273K, committed 12288K, reserved 1048576K
Event: 87.605 GC heap after
Heap after GC invocations=46 (full 5):
 PSYoungGen      total 220160K, used 4140K [0x00000000f0000000, 0x00000000ffb00000, 0x0000000100000000)
  eden space 183808K, 0% used [0x00000000f0000000,0x00000000f0000000,0x00000000fb380000)
  from space 36352K, 11% used [0x00000000fb380000,0x00000000fb78b140,0x00000000fd700000)
  to   space 34304K, 0% used [0x00000000fd980000,0x00000000fd980000,0x00000000ffb00000)
 ParOldGen       total 235008K, used 140276K [0x00000000d0000000, 0x00000000de580000, 0x00000000f0000000)
  object space 235008K, 59% used [0x00000000d0000000,0x00000000d88fd248,0x00000000de580000)
 Metaspace       used 89786K, capacity 100670K, committed 100864K, reserved 1138688K
  class space    used 11585K, capacity 12273K, committed 12288K, reserved 1048576K
}
Event: 89.681 GC heap before
{Heap before GC invocations=47 (full 5):
 PSYoungGen      total 220160K, used 187948K [0x00000000f0000000, 0x00000000ffb00000, 0x0000000100000000)
  eden space 183808K, 100% used [0x00000000f0000000,0x00000000fb380000,0x00000000fb380000)
  from space 36352K, 11% used [0x00000000fb380000,0x00000000fb78b140,0x00000000fd700000)
  to   space 34304K, 0% used [0x00000000fd980000,0x00000000fd980000,0x00000000ffb00000)
 ParOldGen       total 235008K, used 140276K [0x00000000d0000000, 0x00000000de580000, 0x00000000f0000000)
  object space 235008K, 59% used [0x00000000d0000000,0x00000000d88fd248,0x00000000de580000)
 Metaspace       used 89864K, capacity 100806K, committed 100864K, reserved 1138688K
  class space    used 11591K, capacity 12285K, committed 12288K, reserved 1048576K

Deoptimization events (10 events):
Event: 87.616 Thread 0x00007f0ea4039000 Uncommon trap: reason=unstable_if action=reinterpret pc=0x00007f0f091d6160 method=java.security.MessageDigest.isEqual([B[B)Z @ 12
Event: 87.639 Thread 0x00007f0e8c003800 Uncommon trap: reason=unstable_if action=reinterpret pc=0x00007f0f0b2b2d4c method=java.util.regex.Pattern.inRange(III)Z @ 7
Event: 87.639 Thread 0x00007f0e8c003800 Uncommon trap: reason=unstable_if action=reinterpret pc=0x00007f0f0b127648 method=okio.AsyncTimeout.scheduleTimeout(Lokio/AsyncTimeout;JZ)V @ 120
Event: 87.655 Thread 0x00007f0eac085800 Uncommon trap: reason=class_check action=maybe_recompile pc=0x00007f0f0b780ce8 method=org.apache.ivy.core.IvyPatternHelper.substitute(Ljava/lang/String;Lorg/apache/ivy/core/module/id/ModuleRevisionId;Lorg/apache/ivy/core/module/descriptor/Artifact;Ljava/l
Event: 87.656 Thread 0x00007f0eac085800 Uncommon trap: reason=class_check action=maybe_recompile pc=0x00007f0f0b780ce8 method=org.apache.ivy.core.IvyPatternHelper.substitute(Ljava/lang/String;Lorg/apache/ivy/core/module/id/ModuleRevisionId;Lorg/apache/ivy/core/module/descriptor/Artifact;Ljava/l
Event: 87.658 Thread 0x00007f0e8c06b000 Uncommon trap: reason=unstable_if action=reinterpret pc=0x00007f0f0b1441b4 method=java.util.LinkedHashMap.afterNodeAccess(Ljava/util/HashMap$Node;)V @ 4
Event: 87.665 Thread 0x00007f0e8c003800 Uncommon trap: reason=unstable_if action=reinterpret pc=0x00007f0f0967b9f4 method=okio.SegmentPool.take()Lokio/Segment; @ 8
Event: 87.740 Thread 0x00007f0eac085800 Uncommon trap: reason=unstable_if action=reinterpret pc=0x00007f0f0b2b30b0 method=java.util.ArrayDeque.addLast(Ljava/lang/Object;)V @ 45
Event: 89.119 Thread 0x00007f0ed0156000 Uncommon trap: reason=unstable_if action=reinterpret pc=0x00007f0f08d147e0 method=okio.SegmentPool.recycle(Lokio/Segment;)V @ 46
Event: 89.347 Thread 0x00007f0ea4039800 Uncommon trap: reason=unstable_if action=reinterpret pc=0x00007f0f0bb27eb8 method=okio.SegmentPool.recycle(Lokio/Segment;)V @ 46

Classes redefined (0 events):
No events

Internal exceptions (10 events):
Event: 89.216 Thread 0x00007f0ec0075000 Exception <a 'java/net/SocketTimeoutException': Read timed out> (0x00000000f89de908) thrown at [/build/java8-openjdk/src/jdk8u-jdk8u162-b12/hotspot/src/share/vm/prims/jni.cpp, line 735]
Event: 89.354 Thread 0x00007f0ee4003000 Exception <a 'java/net/SocketTimeoutException': Read timed out> (0x00000000f9163b08) thrown at [/build/java8-openjdk/src/jdk8u-jdk8u162-b12/hotspot/src/share/vm/prims/jni.cpp, line 735]
Event: 89.357 Thread 0x00007f0ea4039800 Exception <a 'java/net/SocketTimeoutException': Read timed out> (0x00000000f6740838) thrown at [/build/java8-openjdk/src/jdk8u-jdk8u162-b12/hotspot/src/share/vm/prims/jni.cpp, line 735]
Event: 89.384 Thread 0x00007f0ea8013800 Exception <a 'java/net/SocketTimeoutException': Read timed out> (0x00000000f92fed70) thrown at [/build/java8-openjdk/src/jdk8u-jdk8u162-b12/hotspot/src/share/vm/prims/jni.cpp, line 735]
Event: 89.505 Thread 0x00007f0ee0001800 Exception <a 'java/net/SocketTimeoutException': Read timed out> (0x00000000f9e2f030) thrown at [/build/java8-openjdk/src/jdk8u-jdk8u162-b12/hotspot/src/share/vm/prims/jni.cpp, line 735]
Event: 89.537 Thread 0x00007f0ea4039800 Exception <a 'java/net/SocketTimeoutException': Read timed out> (0x00000000f674d4b0) thrown at [/build/java8-openjdk/src/jdk8u-jdk8u162-b12/hotspot/src/share/vm/prims/jni.cpp, line 735]
Event: 89.548 Thread 0x00007f0ea8013800 Exception <a 'java/net/SocketTimeoutException': Read timed out> (0x00000000f930b0c0) thrown at [/build/java8-openjdk/src/jdk8u-jdk8u162-b12/hotspot/src/share/vm/prims/jni.cpp, line 735]
Event: 89.586 Thread 0x00007f0ecc01e000 Exception <a 'java/net/SocketTimeoutException': Read timed out> (0x00000000f6c266b8) thrown at [/build/java8-openjdk/src/jdk8u-jdk8u162-b12/hotspot/src/share/vm/prims/jni.cpp, line 735]
Event: 89.658 Thread 0x00007f0ed0156000 Exception <a 'java/net/SocketTimeoutException': Read timed out> (0x00000000fa239fc0) thrown at [/build/java8-openjdk/src/jdk8u-jdk8u162-b12/hotspot/src/share/vm/prims/jni.cpp, line 735]
Event: 89.671 Thread 0x00007f0ee0001800 Exception <a 'java/net/SocketTimeoutException': Read timed out> (0x00000000f9e3b858) thrown at [/build/java8-openjdk/src/jdk8u-jdk8u162-b12/hotspot/src/share/vm/prims/jni.cpp, line 735]

Events (10 events):
Event: 89.672 Thread 0x00007f0f18195800 flushing nmethod 0x00007f0f0b9e3f90
Event: 89.672 Thread 0x00007f0f18195800 flushing nmethod 0x00007f0f0ba5b190
Event: 89.672 Thread 0x00007f0f18195800 flushing nmethod 0x00007f0f0ba6e690
Event: 89.673 Thread 0x00007f0ee001f000 Thread added: 0x00007f0ee001f000
Event: 89.675 Executing VM operation: BulkRevokeBias done
Event: 89.675 Executing VM operation: BulkRevokeBias
Event: 89.676 Executing VM operation: BulkRevokeBias done
Event: 89.676 Thread 0x00007f0ee001f000 Thread exited: 0x00007f0ee001f000
Event: 89.679 Executing VM operation: ParallelGCFailedAllocation
Event: 89.681 Thread 0x00007f0eb80a2800 Thread added: 0x00007f0eb80a2800


Dynamic libraries:
d0000000-de580000 rw-p 00000000 00:00 0 
de580000-f0000000 ---p 00000000 00:00 0 
f0000000-ffb00000 rw-p 00000000 00:00 0 
ffb00000-100000000 ---p 00000000 00:00 0 
100000000-100c00000 rw-p 00000000 00:00 0 
100c00000-140000000 ---p 00000000 00:00 0 
55ed2f2f0000-55ed2f2f1000 r-xp 00000000 fe:00 924939                     /usr/lib/jvm/java-8-openjdk/jre/bin/java
55ed2f4f0000-55ed2f4f1000 r--p 00000000 fe:00 924939                     /usr/lib/jvm/java-8-openjdk/jre/bin/java
55ed2f4f1000-55ed2f4f2000 rw-p 00001000 fe:00 924939                     /usr/lib/jvm/java-8-openjdk/jre/bin/java
55ed30803000-55ed30892000 rw-p 00000000 00:00 0                          [heap]
7f0e7f2a7000-7f0e7f2aa000 ---p 00000000 00:00 0 
7f0e7f2aa000-7f0e7f3a8000 rw-p 00000000 00:00 0 
7f0e7f3a8000-7f0e7f3ab000 ---p 00000000 00:00 0 
7f0e7f3ab000-7f0e7f4a9000 rw-p 00000000 00:00 0 
7f0e7f4a9000-7f0e7f4ac000 ---p 00000000 00:00 0 
7f0e7f4ac000-7f0e7f62a000 rw-p 00000000 00:00 0 
7f0e7f62a000-7f0e7f7aa000 ---p 00000000 00:00 0 
7f0e7f7aa000-7f0e7f9aa000 rw-p 00000000 00:00 0 
7f0e7f9aa000-7f0e7fbaa000 rw-p 00000000 00:00 0 
7f0e7fbaa000-7f0e7fbc0000 r-xp 00000000 fe:00 548893                     /usr/lib/libgcc_s.so.1
7f0e7fbc0000-7f0e7fdbf000 ---p 00016000 fe:00 548893                     /usr/lib/libgcc_s.so.1
7f0e7fdbf000-7f0e7fdc0000 r--p 00015000 fe:00 548893                     /usr/lib/libgcc_s.so.1
7f0e7fdc0000-7f0e7fdc1000 rw-p 00016000 fe:00 548893                     /usr/lib/libgcc_s.so.1
7f0e7fdc1000-7f0e7fdfa000 r-xp 00000000 fe:00 1185807                    /usr/lib/jvm/java-8-openjdk/jre/lib/amd64/libsunec.so
7f0e7fdfa000-7f0e7fff9000 ---p 00039000 fe:00 1185807                    /usr/lib/jvm/java-8-openjdk/jre/lib/amd64/libsunec.so
7f0e7fff9000-7f0e7fffe000 r--p 00038000 fe:00 1185807                    /usr/lib/jvm/java-8-openjdk/jre/lib/amd64/libsunec.so
7f0e7fffe000-7f0e7ffff000 rw-p 0003d000 fe:00 1185807                    /usr/lib/jvm/java-8-openjdk/jre/lib/amd64/libsunec.so
7f0e7ffff000-7f0e80000000 rw-p 00000000 00:00 0 
7f0e80000000-7f0e80106000 rw-p 00000000 00:00 0 
7f0e80106000-7f0e84000000 ---p 00000000 00:00 0 
7f0e84000000-7f0e840e3000 rw-p 00000000 00:00 0 
7f0e840e3000-7f0e88000000 ---p 00000000 00:00 0 
7f0e88000000-7f0e88123000 rw-p 00000000 00:00 0 
7f0e88123000-7f0e8c000000 ---p 00000000 00:00 0 
7f0e8c000000-7f0e8c0bb000 rw-p 00000000 00:00 0 
7f0e8c0bb000-7f0e90000000 ---p 00000000 00:00 0 
7f0e90000000-7f0e90359000 rw-p 00000000 00:00 0 
7f0e90359000-7f0e94000000 ---p 00000000 00:00 0 
7f0e94000000-7f0e940fa000 rw-p 00000000 00:00 0 
7f0e940fa000-7f0e98000000 ---p 00000000 00:00 0 
7f0e98000000-7f0e981c6000 rw-p 00000000 00:00 0 
7f0e981c6000-7f0e9c000000 ---p 00000000 00:00 0 
7f0e9c000000-7f0e9c4be000 rw-p 00000000 00:00 0 
7f0e9c4be000-7f0ea0000000 ---p 00000000 00:00 0 
7f0ea0000000-7f0ea0099000 rw-p 00000000 00:00 0 
7f0ea0099000-7f0ea4000000 ---p 00000000 00:00 0 
7f0ea4000000-7f0ea40ad000 rw-p 00000000 00:00 0 
7f0ea40ad000-7f0ea8000000 ---p 00000000 00:00 0 
7f0ea8000000-7f0ea80b0000 rw-p 00000000 00:00 0 
7f0ea80b0000-7f0eac000000 ---p 00000000 00:00 0 
7f0eac000000-7f0eac35e000 rw-p 00000000 00:00 0 
7f0eac35e000-7f0eb0000000 ---p 00000000 00:00 0 
7f0eb0000000-7f0eb0115000 rw-p 00000000 00:00 0 
7f0eb0115000-7f0eb4000000 ---p 00000000 00:00 0 
7f0eb40df000-7f0eb40e2000 ---p 00000000 00:00 0 
7f0eb40e2000-7f0eb43e0000 rw-p 00000000 00:00 0 
7f0eb43e0000-7f0eb45e0000 rw-p 00000000 00:00 0 
7f0eb45e0000-7f0eb47e0000 rw-p 00000000 00:00 0 
7f0eb47e0000-7f0eb49e0000 rw-p 00000000 00:00 0 
7f0eb49e0000-7f0eb4be0000 rw-p 00000000 00:00 0 
7f0eb4be0000-7f0eb4be3000 ---p 00000000 00:00 0 
7f0eb4be3000-7f0eb4ce1000 rw-p 00000000 00:00 0 
7f0eb4ce1000-7f0eb4ce4000 ---p 00000000 00:00 0 
7f0eb4ce4000-7f0eb4de2000 rw-p 00000000 00:00 0 
7f0eb4de2000-7f0eb4de5000 ---p 00000000 00:00 0 
7f0eb4de5000-7f0eb4ee3000 rw-p 00000000 00:00 0 
7f0eb4ee3000-7f0eb4ee6000 ---p 00000000 00:00 0 
7f0eb4ee6000-7f0eb4fe4000 rw-p 00000000 00:00 0 
7f0eb4fe4000-7f0eb4fe7000 ---p 00000000 00:00 0 
7f0eb4fe7000-7f0eb50e5000 rw-p 00000000 00:00 0 
7f0eb50e5000-7f0eb50e8000 ---p 00000000 00:00 0 
7f0eb50e8000-7f0eb51e6000 rw-p 00000000 00:00 0 
7f0eb51e6000-7f0eb51e9000 ---p 00000000 00:00 0 
7f0eb51e9000-7f0eb52e7000 rw-p 00000000 00:00 0 
7f0eb52e7000-7f0eb52ea000 ---p 00000000 00:00 0 
7f0eb52ea000-7f0eb53e8000 rw-p 00000000 00:00 0 
7f0eb53e8000-7f0eb53eb000 ---p 00000000 00:00 0 
7f0eb53eb000-7f0eb54e9000 rw-p 00000000 00:00 0 
7f0eb54e9000-7f0eb54ec000 ---p 00000000 00:00 0 
7f0eb54ec000-7f0eb55ea000 rw-p 00000000 00:00 0 
7f0eb55ea000-7f0eb55ed000 ---p 00000000 00:00 0 
7f0eb55ed000-7f0eb56eb000 rw-p 00000000 00:00 0 
7f0eb56eb000-7f0eb56ee000 ---p 00000000 00:00 0 
7f0eb56ee000-7f0eb57ec000 rw-p 00000000 00:00 0 
7f0eb57ec000-7f0eb57ef000 ---p 00000000 00:00 0 
7f0eb57ef000-7f0eb58ed000 rw-p 00000000 00:00 0 
7f0eb58ed000-7f0eb58f0000 ---p 00000000 00:00 0 
7f0eb58f0000-7f0eb59ee000 rw-p 00000000 00:00 0 
7f0eb59ee000-7f0eb59f1000 ---p 00000000 00:00 0 
7f0eb59f1000-7f0eb5aef000 rw-p 00000000 00:00 0 
7f0eb5aef000-7f0eb5af2000 ---p 00000000 00:00 0 
7f0eb5af2000-7f0eb5bf0000 rw-p 00000000 00:00 0 
7f0eb5bf0000-7f0eb5bf3000 ---p 00000000 00:00 0 
7f0eb5bf3000-7f0eb5cf1000 rw-p 00000000 00:00 0 
7f0eb5cf1000-7f0eb5cf4000 ---p 00000000 00:00 0 
7f0eb5cf4000-7f0eb5df2000 rw-p 00000000 00:00 0 
7f0eb5df2000-7f0eb5df5000 ---p 00000000 00:00 0 
7f0eb5df5000-7f0eb5ef3000 rw-p 00000000 00:00 0 
7f0eb5ef3000-7f0eb5ef6000 ---p 00000000 00:00 0 
7f0eb5ef6000-7f0eb5ff4000 rw-p 00000000 00:00 0 
7f0eb5ff4000-7f0eb5ff7000 ---p 00000000 00:00 0 
7f0eb5ff7000-7f0eb60f5000 rw-p 00000000 00:00 0 
7f0eb60f5000-7f0eb60f8000 ---p 00000000 00:00 0 
7f0eb60f8000-7f0eb61f6000 rw-p 00000000 00:00 0 
7f0eb61f6000-7f0eb61f9000 ---p 00000000 00:00 0 
7f0eb61f9000-7f0eb62f7000 rw-p 00000000 00:00 0 
7f0eb62f7000-7f0eb62fa000 ---p 00000000 00:00 0 
7f0eb62fa000-7f0eb63f8000 rw-p 00000000 00:00 0 
7f0eb63f8000-7f0eb63fb000 ---p 00000000 00:00 0 
7f0eb63fb000-7f0eb66f9000 rw-p 00000000 00:00 0 
7f0eb66f9000-7f0eb68f9000 rw-p 00000000 00:00 0 
7f0eb68f9000-7f0eb6af9000 rw-p 00000000 00:00 0 
7f0eb6af9000-7f0eb6cf9000 rw-p 00000000 00:00 0 
7f0eb6cf9000-7f0eb6ef9000 rw-p 00000000 00:00 0 
7f0eb6ef9000-7f0eb6efc000 ---p 00000000 00:00 0 
7f0eb6efc000-7f0eb6ffa000 rw-p 00000000 00:00 0 
7f0eb6ffa000-7f0eb6ffd000 ---p 00000000 00:00 0 
7f0eb6ffd000-7f0eb70fb000 rw-p 00000000 00:00 0 
7f0eb70fb000-7f0eb70fe000 ---p 00000000 00:00 0 
7f0eb70fe000-7f0eb73fc000 rw-p 00000000 00:00 0 
7f0eb73fc000-7f0eb73ff000 ---p 00000000 00:00 0 
7f0eb73ff000-7f0eb74fd000 rw-p 00000000 00:00 0 
7f0eb74fd000-7f0eb7500000 ---p 00000000 00:00 0 
7f0eb7500000-7f0eb75fe000 rw-p 00000000 00:00 0 
7f0eb75fe000-7f0eb7601000 ---p 00000000 00:00 0 
7f0eb7601000-7f0eb76ff000 rw-p 00000000 00:00 0 
7f0eb76ff000-7f0eb7702000 ---p 00000000 00:00 0 
7f0eb7702000-7f0eb7a00000 rw-p 00000000 00:00 0 
7f0eb7a00000-7f0eb7c00000 rw-p 00000000 00:00 0 
7f0eb7c00000-7f0eb7e00000 rw-p 00000000 00:00 0 
7f0eb7e00000-7f0eb8000000 rw-p 00000000 00:00 0 
7f0eb8000000-7f0eb80df000 rw-p 00000000 00:00 0 
7f0eb80df000-7f0ebc000000 ---p 00000000 00:00 0 
7f0ebc000000-7f0ebd713000 rw-p 00000000 00:00 0 
7f0ebd713000-7f0ec0000000 ---p 00000000 00:00 0 
7f0ec0000000-7f0ec00b7000 rw-p 00000000 00:00 0 
7f0ec00b7000-7f0ec4000000 ---p 00000000 00:00 0 
7f0ec4097000-7f0ec4297000 rw-p 00000000 00:00 0 
7f0ec4297000-7f0ec4497000 rw-p 00000000 00:00 0 
7f0ec4497000-7f0ec4697000 rw-p 00000000 00:00 0 
7f0ec4697000-7f0ec46af000 r-xp 00000000 00:2b 96107                      /tmp/jna-109799543/jna582326251006037995.tmp (deleted)
7f0ec46af000-7f0ec48af000 ---p 00018000 00:2b 96107                      /tmp/jna-109799543/jna582326251006037995.tmp (deleted)
7f0ec48af000-7f0ec48b0000 rw-p 00018000 00:2b 96107                      /tmp/jna-109799543/jna582326251006037995.tmp (deleted)
7f0ec48b0000-7f0ec4ab0000 rw-p 00000000 00:00 0 
7f0ec4ab0000-7f0ec4cb0000 rw-p 00000000 00:00 0 
7f0ec4cb0000-7f0ec4eb0000 rw-p 00000000 00:00 0 
7f0ec4eb0000-7f0ec50b0000 rw-p 00000000 00:00 0 
7f0ec514b000-7f0ec534b000 rw-p 00000000 00:00 0 
7f0ec534b000-7f0ec554b000 rw-p 00000000 00:00 0 
7f0ec554b000-7f0ec574b000 rw-p 00000000 00:00 0 
7f0ec574b000-7f0ec57c5000 r--s 010ff000 fe:00 1185952                    /usr/lib/jvm/java-8-openjdk/lib/tools.jar
7f0ec57c5000-7f0ec59c5000 rw-p 00000000 00:00 0 
7f0ec59c5000-7f0ec59c8000 ---p 00000000 00:00 0 
7f0ec59c8000-7f0ec59fe000 rw-p 00000000 00:00 0 
7f0ec5a2e000-7f0ec5a31000 r--s 00015000 fe:00 793838                     /usr/lib/jvm/java-8-openjdk/jre/lib/jce.jar
7f0ec5a31000-7f0ec5a32000 r--s 00002000 fe:02 1704227                    /home/sunit/.ivy2/cache/scala_2.12/sbt_1.0/org.jetbrains/sbt-idea-shell/jars/sbt-idea-shell-2017.2.jar
7f0ec5a32000-7f0ec5a37000 r--s 00055000 fe:02 1704225                    /home/sunit/.ivy2/cache/scala_2.12/sbt_1.0/org.jetbrains/sbt-structure-extractor/jars/sbt-structure-extractor-2017.2.jar
7f0ec5a37000-7f0ec5a3a000 r--s 00038000 fe:00 1185862                    /usr/lib/jvm/java-8-openjdk/jre/lib/ext/sunpkcs11.jar
7f0ec5a3a000-7f0ec5a3c000 r--s 00001000 fe:00 1185866                    /usr/lib/jvm/java-8-openjdk/jre/lib/ext/dnsns.jar
7f0ec5a3c000-7f0ec5a3e000 r--s 00008000 fe:00 1185861                    /usr/lib/jvm/java-8-openjdk/jre/lib/ext/sunec.jar
7f0ec5a3e000-7f0ec5a43000 r--s 0003b000 fe:00 1185868                    /usr/lib/jvm/java-8-openjdk/jre/lib/ext/sunjce_provider.jar
7f0ec5a43000-7f0ec5a5f000 r--s 00393000 fe:00 1185889                    /usr/lib/jvm/java-8-openjdk/jre/lib/ext/cldrdata.jar
7f0ec5a5f000-7f0ec5c5f000 rw-p 00000000 00:00 0 
7f0ec5c5f000-7f0ec5e5f000 rw-p 00000000 00:00 0 
7f0ec5e5f000-7f0ec605f000 rw-p 00000000 00:00 0 
7f0ec605f000-7f0ec625f000 rw-p 00000000 00:00 0 
7f0ec625f000-7f0ec645f000 rw-p 00000000 00:00 0 
7f0ec645f000-7f0ec665f000 rw-p 00000000 00:00 0 
7f0ec665f000-7f0ec6672000 r-xp 00000000 fe:00 526449                     /usr/lib/libresolv-2.26.so
7f0ec6672000-7f0ec6872000 ---p 00013000 fe:00 526449                     /usr/lib/libresolv-2.26.so
7f0ec6872000-7f0ec6873000 r--p 00013000 fe:00 526449                     /usr/lib/libresolv-2.26.so
7f0ec6873000-7f0ec6874000 rw-p 00014000 fe:00 526449                     /usr/lib/libresolv-2.26.so
7f0ec6874000-7f0ec6876000 rw-p 00000000 00:00 0 
7f0ec6876000-7f0ec687b000 r-xp 00000000 fe:00 526493                     /usr/lib/libnss_dns-2.26.so
7f0ec687b000-7f0ec6a7a000 ---p 00005000 fe:00 526493                     /usr/lib/libnss_dns-2.26.so
7f0ec6a7a000-7f0ec6a7b000 r--p 00004000 fe:00 526493                     /usr/lib/libnss_dns-2.26.so
7f0ec6a7b000-7f0ec6a7c000 rw-p 00005000 fe:00 526493                     /usr/lib/libnss_dns-2.26.so
7f0ec6a7c000-7f0ec6ab8000 r-xp 00000000 fe:00 549103                     /usr/lib/libnss_resolve.so.2
7f0ec6ab8000-7f0ec6cb7000 ---p 0003c000 fe:00 549103                     /usr/lib/libnss_resolve.so.2
7f0ec6cb7000-7f0ec6cba000 r--p 0003b000 fe:00 549103                     /usr/lib/libnss_resolve.so.2
7f0ec6cba000-7f0ec6cbb000 rw-p 0003e000 fe:00 549103                     /usr/lib/libnss_resolve.so.2
7f0ec6cbb000-7f0ec6cf8000 r-xp 00000000 fe:00 549102                     /usr/lib/libnss_mymachines.so.2
7f0ec6cf8000-7f0ec6ef7000 ---p 0003d000 fe:00 549102                     /usr/lib/libnss_mymachines.so.2
7f0ec6ef7000-7f0ec6efa000 r--p 0003c000 fe:00 549102                     /usr/lib/libnss_mymachines.so.2
7f0ec6efa000-7f0ec6efb000 rw-p 0003f000 fe:00 549102                     /usr/lib/libnss_mymachines.so.2
7f0ec6efb000-7f0ec6efc000 r--s 0000a000 fe:00 1185890                    /usr/lib/jvm/java-8-openjdk/jre/lib/ext/jaccess.jar
7f0ec6efc000-7f0ec6f06000 r--s 00116000 fe:00 1185891                    /usr/lib/jvm/java-8-openjdk/jre/lib/ext/localedata.jar
7f0ec6f06000-7f0ec6f0b000 r--s 002f9000 fe:00 793839                     /usr/lib/jvm/java-8-openjdk/jre/lib/charsets.jar
7f0ec6f0b000-7f0ec6f0e000 r--s 00015000 fe:00 793838                     /usr/lib/jvm/java-8-openjdk/jre/lib/jce.jar
7f0ec6f0e000-7f0ec6f21000 r--s 00346000 fe:00 793840                     /usr/lib/jvm/java-8-openjdk/jre/lib/resources.jar
7f0ec6f21000-7f0ec6f22000 r--s 00010000 fe:00 1185886                    /usr/lib/jvm/java-8-openjdk/jre/lib/ext/zipfs.jar
7f0ec6f22000-7f0ec6f27000 r--s 0009d000 fe:00 793836                     /usr/lib/jvm/java-8-openjdk/jre/lib/jsse.jar
7f0ec6f27000-7f0ec7127000 rw-p 00000000 00:00 0 
7f0ec7127000-7f0ec712a000 ---p 00000000 00:00 0 
7f0ec712a000-7f0ec7428000 rw-p 00000000 00:00 0 
7f0ec7428000-7f0ec7443000 r--s 001d6000 fe:00 1185867                    /usr/lib/jvm/java-8-openjdk/jre/lib/ext/nashorn.jar
7f0ec7443000-7f0ec744b000 r-xp 00000000 fe:00 1185805                    /usr/lib/jvm/java-8-openjdk/jre/lib/amd64/libmanagement.so
7f0ec744b000-7f0ec764b000 ---p 00008000 fe:00 1185805                    /usr/lib/jvm/java-8-openjdk/jre/lib/amd64/libmanagement.so
7f0ec764b000-7f0ec764c000 r--p 00008000 fe:00 1185805                    /usr/lib/jvm/java-8-openjdk/jre/lib/amd64/libmanagement.so
7f0ec764c000-7f0ec764d000 rw-p 00009000 fe:00 1185805                    /usr/lib/jvm/java-8-openjdk/jre/lib/amd64/libmanagement.so
7f0ec764d000-7f0ec7651000 r--s 00038000 fe:02 1574163                    /home/sunit/.sbt/boot/scala-2.12.4/org.scala-sbt/sbt/1.1.1/ssl-config-core_2.12-0.2.2.jar
7f0ec7651000-7f0ec7655000 r--s 00013000 fe:02 1574209                    /home/sunit/.sbt/boot/scala-2.12.4/org.scala-sbt/sbt/1.1.1/compiler-interface-1.1.1.jar
7f0ec7655000-7f0ec7656000 r--s 00000000 fe:02 1574207                    /home/sunit/.sbt/boot/scala-2.12.4/org.scala-sbt/sbt/1.1.1/util-interface-1.1.2.jar
7f0ec7656000-7f0ec7658000 r--s 00019000 fe:02 1574168                    /home/sunit/.sbt/boot/scala-2.12.4/org.scala-sbt/sbt/1.1.1/sourcecode_2.12-0.1.3.jar
7f0ec7658000-7f0ec7659000 r--s 00000000 fe:02 1574192                    /home/sunit/.sbt/boot/scala-2.12.4/org.scala-sbt/sbt/1.1.1/reactive-streams-1.0.0.jar
7f0ec7659000-7f0ec765f000 r--s 0005b000 fe:02 1574191                    /home/sunit/.sbt/boot/scala-2.12.4/org.scala-sbt/sbt/1.1.1/okhttp-3.7.0.jar
7f0ec765f000-7f0ec7661000 r--s 0000f000 fe:02 1574219                    /home/sunit/.sbt/boot/scala-2.12.4/org.scala-sbt/sbt/1.1.1/shaded-scalajson_2.12-1.0.0-M4.jar
7f0ec7661000-7f0ec7663000 r--s 00010000 fe:02 1574199                    /home/sunit/.sbt/boot/scala-2.12.4/org.scala-sbt/sbt/1.1.1/zinc-classpath_2.12-1.1.1.jar
7f0ec7663000-7f0ec7664000 r--s 00011000 fe:02 1574230                    /home/sunit/.sbt/boot/scala-2.12.4/org.scala-sbt/sbt/1.1.1/run_2.12-1.1.1.jar
7f0ec7664000-7f0ec7665000 r--s 00005000 fe:02 1574173                    /home/sunit/.sbt/boot/scala-2.12.4/org.scala-sbt/sbt/1.1.1/log4j-slf4j-impl-2.8.1.jar
7f0ec7665000-7f0ec7667000 r--s 00002000 fe:02 1574188                    /home/sunit/.sbt/boot/scala-2.12.4/org.scala-sbt/sbt/1.1.1/util-control_2.12-1.1.2.jar
7f0ec7667000-7f0ec766a000 r--s 00034000 fe:02 1574169                    /home/sunit/.sbt/boot/scala-2.12.4/org.scala-sbt/sbt/1.1.1/zinc-compile-core_2.12-1.1.1.jar
7f0ec766a000-7f0ec786a000 rw-p 00000000 00:00 0 
7f0ec786a000-7f0ec7a6a000 rw-p 00000000 00:00 0 
7f0ec7a6a000-7f0ec7a6e000 r--s 0003c000 fe:02 1574212                    /home/sunit/.sbt/boot/scala-2.12.4/org.scala-sbt/sbt/1.1.1/io_2.12-1.1.4.jar
7f0ec7a6e000-7f0ec7a90000 r--s 0034a000 fe:02 1574166                    /home/sunit/.sbt/boot/scala-2.12.4/org.scala-sbt/sbt/1.1.1/scala-reflect-2.12.4.jar
7f0ec7a90000-7f0ec7a94000 r--s 00030000 fe:02 1574189                    /home/sunit/.sbt/boot/scala-2.12.4/org.scala-sbt/sbt/1.1.1/scala-parser-combinators_2.12-1.0.5.jar
7f0ec7a94000-7f0ec7a9a000 r--s 00080000 fe:02 1574160                    /home/sunit/.sbt/boot/scala-2.12.4/org.scala-sbt/sbt/1.1.1/scala-xml_2.12-1.0.6.jar
7f0ec7a9a000-7f0ec7a9e000 r--s 0003e000 fe:02 1574208                    /home/sunit/.sbt/boot/scala-2.12.4/org.scala-sbt/sbt/1.1.1/jline-2.14.4.jar
7f0ec7a9e000-7f0ec7c9e000 rw-p 00000000 00:00 0 
7f0ec7c9e000-7f0ec7ca2000 r--s 00039000 fe:02 1574225                    /home/sunit/.sbt/boot/scala-2.12.4/org.scala-sbt/sbt/1.1.1/util-logging_2.12-1.1.2.jar
7f0ec7ca2000-7f0ec7cbe000 r--s 0013b000 fe:02 1574157                    /home/sunit/.sbt/boot/scala-2.12.4/org.scala-sbt/sbt/1.1.1/log4j-core-2.8.1.jar
7f0ec7cbe000-7f0ec7cc0000 r--s 00019000 fe:02 1574200                    /home/sunit/.sbt/boot/scala-2.12.4/org.scala-sbt/sbt/1.1.1/task-system_2.12-1.1.1.jar
7f0ec7cc0000-7f0ec7cc2000 r--s 0002d000 fe:02 1574193                    /home/sunit/.sbt/boot/scala-2.12.4/org.scala-sbt/sbt/1.1.1/util-cache_2.12-1.1.2.jar
7f0ec7cc2000-7f0ec7cc3000 r--s 00003000 fe:02 1574229                    /home/sunit/.sbt/boot/scala-2.12.4/org.scala-sbt/sbt/1.1.1/util-position_2.12-1.1.2.jar
7f0ec7cc3000-7f0ec7cc6000 r--s 00026000 fe:02 1574214                    /home/sunit/.sbt/boot/scala-2.12.4/org.scala-sbt/sbt/1.1.1/gigahorse-core_2.12-0.3.0.jar
7f0ec7cc6000-7f0ec7cc8000 r--s 00012000 fe:02 1574187                    /home/sunit/.sbt/boot/scala-2.12.4/org.scala-sbt/sbt/1.1.1/tasks_2.12-1.1.1.jar
7f0ec7cc8000-7f0ec7ccb000 r--s 0003c000 fe:02 1574211                    /home/sunit/.sbt/boot/scala-2.12.4/org.scala-sbt/sbt/1.1.1/completion_2.12-1.1.1.jar
7f0ec7ccb000-7f0ec7cd8000 r--s 001ad000 fe:02 1574218                    /home/sunit/.sbt/boot/scala-2.12.4/org.scala-sbt/sbt/1.1.1/zinc-persist_2.12-1.1.1.jar
7f0ec7cd8000-7f0ec7cdb000 r--s 0003e000 fe:02 1574220                    /home/sunit/.sbt/boot/scala-2.12.4/org.scala-sbt/sbt/1.1.1/command_2.12-1.1.1.jar
7f0ec7cdb000-7f0ec7cdd000 r--s 00007000 fe:02 1574205                    /home/sunit/.sbt/boot/scala-2.12.4/org.scala-sbt/sbt/1.1.1/util-tracking_2.12-1.1.2.jar
7f0ec7cdd000-7f0ec7cdf000 r--s 00011000 fe:02 1574179                    /home/sunit/.sbt/boot/scala-2.12.4/org.scala-sbt/sbt/1.1.1/jawn-parser_2.12-0.10.4.jar
7f0ec7cdf000-7f0ec7ce0000 r--s 00009000 fe:02 1574159                    /home/sunit/.sbt/boot/scala-2.12.4/org.scala-sbt/sbt/1.1.1/gigahorse-okhttp_2.12-0.3.0.jar
7f0ec7ce0000-7f0ec7ce2000 r--s 00012000 fe:02 1574227                    /home/sunit/.sbt/boot/scala-2.12.4/org.scala-sbt/sbt/1.1.1/okio-1.12.0.jar
7f0ec7ce2000-7f0ec7ce5000 r--s 0002d000 fe:02 1574186                    /home/sunit/.sbt/boot/scala-2.12.4/org.scala-sbt/sbt/1.1.1/testing_2.12-1.1.1.jar
7f0ec7ce5000-7f0ec7cfb000 r--s 000e0000 fe:02 1574178                    /home/sunit/.sbt/boot/scala-2.12.4/org.scala-sbt/sbt/1.1.1/caffeine-2.5.6.jar
7f0ec7cfb000-7f0ec7cfc000 r--s 00003000 fe:02 1574170                    /home/sunit/.sbt/boot/scala-2.12.4/org.scala-sbt/sbt/1.1.1/zinc-compile_2.12-1.1.1.jar
7f0ec7cfc000-7f0ec7d05000 r--s 000ae000 fe:02 1574194                    /home/sunit/.sbt/boot/scala-2.12.4/org.scala-sbt/sbt/1.1.1/librarymanagement-core_2.12-1.1.3.jar
7f0ec7d05000-7f0ec7d0a000 r--s 00031000 fe:02 1574215                    /home/sunit/.sbt/boot/scala-2.12.4/org.scala-sbt/sbt/1.1.1/config-1.2.0.jar
7f0ec7d0a000-7f0ec7d0c000 r--s 00009000 fe:02 1574221                    /home/sunit/.sbt/boot/scala-2.12.4/org.scala-sbt/sbt/1.1.1/slf4j-api-1.7.25.jar
7f0ec7d0c000-7f0ec7d0e000 r--s 00004000 fe:02 1574203                    /home/sunit/.sbt/boot/scala-2.12.4/org.scala-sbt/sbt/1.1.1/ipcsocket-1.0.0.jar
7f0ec7d0e000-7f0ec7d0f000 r--s 0000b000 fe:02 1574195                    /home/sunit/.sbt/boot/scala-2.12.4/org.scala-sbt/sbt/1.1.1/zinc-ivy-integration_2.12-1.1.1.jar
7f0ec7d0f000-7f0ec7d15000 r--s 000bb000 fe:02 1574223                    /home/sunit/.sbt/boot/scala-2.12.4/org.scala-sbt/sbt/1.1.1/sjson-new-core_2.12-0.8.2.jar
7f0ec7d15000-7f0ec7d19000 r--s 0015c000 fe:02 1574197                    /home/sunit/.sbt/boot/scala-2.12.4/org.scala-sbt/sbt/1.1.1/jna-4.5.0.jar
7f0ec7d19000-7f0ec7d1a000 r--s 0000e000 fe:02 1574175                    /home/sunit/.sbt/boot/scala-2.12.4/org.scala-sbt/sbt/1.1.1/zinc_2.12-1.1.1.jar
7f0ec7d1a000-7f0ec7d1b000 r--s 00000000 fe:02 1574185                    /home/sunit/.sbt/boot/scala-2.12.4/org.scala-sbt/sbt/1.1.1/template-resolver-0.1.jar
7f0ec7d1b000-7f0ec7d1d000 r--s 0000e000 fe:02 1574231                    /home/sunit/.sbt/boot/scala-2.12.4/org.scala-sbt/sbt/1.1.1/fastparse-utils_2.12-0.4.2.jar
7f0ec7d1d000-7f0ec7d27000 r--s 00199000 fe:02 1574172                    /home/sunit/.sbt/boot/scala-2.12.4/org.scala-sbt/sbt/1.1.1/main_2.12-1.1.1.jar
7f0ec7d27000-7f0ec7d2c000 r--s 00093000 fe:02 1574180                    /home/sunit/.sbt/boot/scala-2.12.4/org.scala-sbt/sbt/1.1.1/librarymanagement-ivy_2.12-1.1.3.jar
7f0ec7d2c000-7f0ec7d2d000 r--s 00007000 fe:02 1574202                    /home/sunit/.sbt/boot/scala-2.12.4/org.scala-sbt/sbt/1.1.1/okhttp-urlconnection-3.7.0.jar
7f0ec7d2d000-7f0ec7d3a000 r--s 001a6000 fe:02 1574198                    /home/sunit/.sbt/boot/scala-2.12.4/org.scala-sbt/sbt/1.1.1/scalapb-runtime_2.12-0.6.0.jar
7f0ec7d3a000-7f0ec7d3d000 r--s 0001c000 fe:02 1574196                    /home/sunit/.sbt/boot/scala-2.12.4/org.scala-sbt/sbt/1.1.1/scalacache-core_2.12-0.20.0.jar
7f0ec7d3d000-7f0ec7d3e000 r--s 0000c000 fe:02 1574177                    /home/sunit/.sbt/boot/scala-2.12.4/org.scala-sbt/sbt/1.1.1/zinc-classfile_2.12-1.1.1.jar
7f0ec7d3e000-7f0ec7d45000 r--s 00095000 fe:02 1574181                    /home/sunit/.sbt/boot/scala-2.12.4/org.scala-sbt/sbt/1.1.1/main-settings_2.12-1.1.1.jar
7f0ec7d45000-7f0ec7d47000 r--s 00007000 fe:02 1574210                    /home/sunit/.sbt/boot/scala-2.12.4/org.scala-sbt/sbt/1.1.1/lenses_2.12-0.4.12.jar
7f0ec7d47000-7f0ec7d4b000 r--s 00034000 fe:02 1574162                    /home/sunit/.sbt/boot/scala-2.12.4/org.scala-sbt/sbt/1.1.1/jsch-0.1.46.jar
7f0ec7d4b000-7f0ec7d50000 r--s 00033000 fe:02 1574165                    /home/sunit/.sbt/boot/scala-2.12.4/org.scala-sbt/sbt/1.1.1/log4j-api-2.8.1.jar
7f0ec7d50000-7f0ec7d51000 r--s 00001000 fe:02 1574171                    /home/sunit/.sbt/boot/scala-2.12.4/org.scala-sbt/sbt/1.1.1/scalacache-caffeine_2.12-0.20.0.jar
7f0ec7d51000-7f0ec7d54000 r--s 00012000 fe:02 1574182                    /home/sunit/.sbt/boot/scala-2.12.4/org.scala-sbt/sbt/1.1.1/disruptor-3.3.6.jar
7f0ec7d54000-7f0ec7d69000 r--s 00101000 fe:02 1574174                    /home/sunit/.sbt/boot/scala-2.12.4/org.scala-sbt/sbt/1.1.1/ivy-2.3.0-sbt-b18f59ea3bc914a297bb6f1a4f7fb0ace399e310.jar
7f0ec7d69000-7f0ec7da1000 r--s 004ca000 fe:02 1574234                    /home/sunit/.sbt/boot/scala-2.12.4/lib/scala-library.jar
7f0ec7da1000-7f0ec7ded000 r--s 0090b000 fe:02 1574236                    /home/sunit/.sbt/boot/scala-2.12.4/lib/scala-compiler.jar
7f0ec7ded000-7f0ec7dfe000 r-xp 00000000 fe:00 1185812                    /usr/lib/jvm/java-8-openjdk/jre/lib/amd64/libnio.so
7f0ec7dfe000-7f0ec7ffe000 ---p 00011000 fe:00 1185812                    /usr/lib/jvm/java-8-openjdk/jre/lib/amd64/libnio.so
7f0ec7ffe000-7f0ec7fff000 r--p 00011000 fe:00 1185812                    /usr/lib/jvm/java-8-openjdk/jre/lib/amd64/libnio.so
7f0ec7fff000-7f0ec8000000 rw-p 00012000 fe:00 1185812                    /usr/lib/jvm/java-8-openjdk/jre/lib/amd64/libnio.so
7f0ec8000000-7f0ec807c000 rw-p 00000000 00:00 0 
7f0ec807c000-7f0ecc000000 ---p 00000000 00:00 0 
7f0ecc000000-7f0ecc094000 rw-p 00000000 00:00 0 
7f0ecc094000-7f0ed0000000 ---p 00000000 00:00 0 
7f0ed0000000-7f0ed22c1000 rw-p 00000000 00:00 0 
7f0ed22c1000-7f0ed4000000 ---p 00000000 00:00 0 
7f0ed4000000-7f0ed53f8000 rw-p 00000000 00:00 0 
7f0ed53f8000-7f0ed8000000 ---p 00000000 00:00 0 
7f0ed8000000-7f0ed8056000 rw-p 00000000 00:00 0 
7f0ed8056000-7f0edc000000 ---p 00000000 00:00 0 
7f0edc000000-7f0edf65a000 rw-p 00000000 00:00 0 
7f0edf65a000-7f0ee0000000 ---p 00000000 00:00 0 
7f0ee0000000-7f0ee0043000 rw-p 00000000 00:00 0 
7f0ee0043000-7f0ee4000000 ---p 00000000 00:00 0 
7f0ee4000000-7f0ee4037000 rw-p 00000000 00:00 0 
7f0ee4037000-7f0ee8000000 ---p 00000000 00:00 0 
7f0ee8000000-7f0ee803d000 rw-p 00000000 00:00 0 
7f0ee803d000-7f0eec000000 ---p 00000000 00:00 0 
7f0eec000000-7f0eec064000 rw-p 00000000 00:00 0 
7f0eec064000-7f0ef0000000 ---p 00000000 00:00 0 
7f0ef0000000-7f0ef0061000 rw-p 00000000 00:00 0 
7f0ef0061000-7f0ef4000000 ---p 00000000 00:00 0 
7f0ef4000000-7f0ef41ea000 rw-p 00000000 00:00 0 
7f0ef41ea000-7f0ef8000000 ---p 00000000 00:00 0 
7f0ef8000000-7f0ef8071000 rw-p 00000000 00:00 0 
7f0ef8071000-7f0efc000000 ---p 00000000 00:00 0 
7f0efc000000-7f0efc066000 rw-p 00000000 00:00 0 
7f0efc066000-7f0f00000000 ---p 00000000 00:00 0 
7f0f00000000-7f0f0004c000 rw-p 00000000 00:00 0 
7f0f0004c000-7f0f04000000 ---p 00000000 00:00 0 
7f0f04000000-7f0f04004000 r--s 00047000 fe:02 1574222                    /home/sunit/.sbt/boot/scala-2.12.4/org.scala-sbt/sbt/1.1.1/fastparse_2.12-0.4.2.jar
7f0f04004000-7f0f04008000 r--s 0004f000 fe:02 1574226                    /home/sunit/.sbt/boot/scala-2.12.4/org.scala-sbt/sbt/1.1.1/zinc-core_2.12-1.1.1.jar
7f0f04008000-7f0f0400b000 r--s 00031000 fe:02 1574206                    /home/sunit/.sbt/boot/scala-2.12.4/org.scala-sbt/sbt/1.1.1/actions_2.12-1.1.1.jar
7f0f0400b000-7f0f0401a000 r--s 0013d000 fe:02 1574158                    /home/sunit/.sbt/boot/scala-2.12.4/org.scala-sbt/sbt/1.1.1/protobuf-java-3.3.1.jar
7f0f0401a000-7f0f04030000 r-xp 00000000 fe:00 1185806                    /usr/lib/jvm/java-8-openjdk/jre/lib/amd64/libnet.so
7f0f04030000-7f0f04230000 ---p 00016000 fe:00 1185806                    /usr/lib/jvm/java-8-openjdk/jre/lib/amd64/libnet.so
7f0f04230000-7f0f04231000 r--p 00016000 fe:00 1185806                    /usr/lib/jvm/java-8-openjdk/jre/lib/amd64/libnet.so
7f0f04231000-7f0f04232000 rw-p 00017000 fe:00 1185806                    /usr/lib/jvm/java-8-openjdk/jre/lib/amd64/libnet.so
7f0f04232000-7f0f04233000 ---p 00000000 00:00 0 
7f0f04233000-7f0f04333000 rw-p 00000000 00:00 0 
7f0f04333000-7f0f04336000 ---p 00000000 00:00 0 
7f0f04336000-7f0f04434000 rw-p 00000000 00:00 0 
7f0f04434000-7f0f04435000 ---p 00000000 00:00 0 
7f0f04435000-7f0f04438000 ---p 00000000 00:00 0 
7f0f04438000-7f0f04535000 rw-p 00000000 00:00 0 
7f0f04535000-7f0f04536000 ---p 00000000 00:00 0 
7f0f04536000-7f0f04539000 ---p 00000000 00:00 0 
7f0f04539000-7f0f04636000 rw-p 00000000 00:00 0 
7f0f04636000-7f0f04637000 ---p 00000000 00:00 0 
7f0f04637000-7f0f0463a000 ---p 00000000 00:00 0 
7f0f0463a000-7f0f04737000 rw-p 00000000 00:00 0 
7f0f04737000-7f0f0473a000 ---p 00000000 00:00 0 
7f0f0473a000-7f0f04838000 rw-p 00000000 00:00 0 
7f0f04838000-7f0f0483b000 ---p 00000000 00:00 0 
7f0f0483b000-7f0f04939000 rw-p 00000000 00:00 0 
7f0f04939000-7f0f0493d000 r-xp 00000000 fe:00 1185819                    /usr/lib/jvm/java-8-openjdk/jre/lib/amd64/libdt_socket.so
7f0f0493d000-7f0f04b3c000 ---p 00004000 fe:00 1185819                    /usr/lib/jvm/java-8-openjdk/jre/lib/amd64/libdt_socket.so
7f0f04b3c000-7f0f04b3d000 r--p 00003000 fe:00 1185819                    /usr/lib/jvm/java-8-openjdk/jre/lib/amd64/libdt_socket.so
7f0f04b3d000-7f0f04b3e000 rw-p 00004000 fe:00 1185819                    /usr/lib/jvm/java-8-openjdk/jre/lib/amd64/libdt_socket.so
7f0f04b3e000-7f0f04b41000 ---p 00000000 00:00 0 
7f0f04b41000-7f0f04c3f000 rw-p 00000000 00:00 0 
7f0f04c3f000-7f0f04c42000 ---p 00000000 00:00 0 
7f0f04c42000-7f0f04d40000 rw-p 00000000 00:00 0 
7f0f04d40000-7f0f04d43000 ---p 00000000 00:00 0 
7f0f04d43000-7f0f04e41000 rw-p 00000000 00:00 0 
7f0f04e41000-7f0f04e42000 ---p 00000000 00:00 0 
7f0f04e42000-7f0f05e51000 rw-p 00000000 00:00 0 
7f0f05e51000-7f0f06020000 r--s 03c2b000 fe:00 794950                     /usr/lib/jvm/java-8-openjdk/jre/lib/rt.jar
7f0f06020000-7f0f081a0000 rw-p 00000000 00:00 0 
7f0f081a0000-7f0f081a1000 ---p 00000000 00:00 0 
7f0f081a1000-7f0f082a1000 rw-p 00000000 00:00 0 
7f0f082a1000-7f0f082a2000 ---p 00000000 00:00 0 
7f0f082a2000-7f0f083a2000 rw-p 00000000 00:00 0 
7f0f083a2000-7f0f083a3000 ---p 00000000 00:00 0 
7f0f083a3000-7f0f084a3000 rw-p 00000000 00:00 0 
7f0f084a3000-7f0f084a4000 ---p 00000000 00:00 0 
7f0f084a4000-7f0f08617000 rw-p 00000000 00:00 0 
7f0f08617000-7f0f086a4000 ---p 00000000 00:00 0 
7f0f086a4000-7f0f08717000 rw-p 00000000 00:00 0 
7f0f08717000-7f0f087a4000 ---p 00000000 00:00 0 
7f0f087a4000-7f0f08822000 rw-p 00000000 00:00 0 
7f0f08822000-7f0f08824000 ---p 00000000 00:00 0 
7f0f08824000-7f0f088e3000 rw-p 00000000 00:00 0 
7f0f088e3000-7f0f08be5000 ---p 00000000 00:00 0 
7f0f08be5000-7f0f0bb45000 rwxp 00000000 00:00 0 
7f0f0bb45000-7f0f17be5000 ---p 00000000 00:00 0 
7f0f17be5000-7f0f17bed000 r-xp 00000000 fe:00 1185831                    /usr/lib/jvm/java-8-openjdk/jre/lib/amd64/libzip.so
7f0f17bed000-7f0f17dec000 ---p 00008000 fe:00 1185831                    /usr/lib/jvm/java-8-openjdk/jre/lib/amd64/libzip.so
7f0f17dec000-7f0f17ded000 r--p 00007000 fe:00 1185831                    /usr/lib/jvm/java-8-openjdk/jre/lib/amd64/libzip.so
7f0f17ded000-7f0f17dee000 rw-p 00008000 fe:00 1185831                    /usr/lib/jvm/java-8-openjdk/jre/lib/amd64/libzip.so
7f0f17dee000-7f0f17df9000 r-xp 00000000 fe:00 526492                     /usr/lib/libnss_files-2.26.so
7f0f17df9000-7f0f17ff8000 ---p 0000b000 fe:00 526492                     /usr/lib/libnss_files-2.26.so
7f0f17ff8000-7f0f17ff9000 r--p 0000a000 fe:00 526492                     /usr/lib/libnss_files-2.26.so
7f0f17ff9000-7f0f17ffa000 rw-p 0000b000 fe:00 526492                     /usr/lib/libnss_files-2.26.so
7f0f17ffa000-7f0f18000000 rw-p 00000000 00:00 0 
7f0f18000000-7f0f1bffc000 rw-p 00000000 00:00 0 
7f0f1bffc000-7f0f1c000000 ---p 00000000 00:00 0 
7f0f1c000000-7f0f1c001000 r--s 00005000 fe:02 1574161                    /home/sunit/.sbt/boot/scala-2.12.4/org.scala-sbt/sbt/1.1.1/test-agent-1.1.1.jar
7f0f1c001000-7f0f1c002000 r--s 00001000 fe:02 1574184                    /home/sunit/.sbt/boot/scala-2.12.4/org.scala-sbt/sbt/1.1.1/sjson-new-murmurhash_2.12-0.8.2.jar
7f0f1c002000-7f0f1c004000 r--s 00024000 fe:02 1574164                    /home/sunit/.sbt/boot/scala-2.12.4/org.scala-sbt/sbt/1.1.1/zinc-apiinfo_2.12-1.1.1.jar
7f0f1c004000-7f0f1c006000 r--s 0000b000 fe:02 1574228                    /home/sunit/.sbt/boot/scala-2.12.4/org.scala-sbt/sbt/1.1.1/logic_2.12-1.1.1.jar
7f0f1c006000-7f0f1c008000 r--s 00008000 fe:02 1574176                    /home/sunit/.sbt/boot/scala-2.12.4/org.scala-sbt/sbt/1.1.1/sjson-new-scalajson_2.12-0.8.2.jar
7f0f1c008000-7f0f1c022000 r--s 0021e000 fe:02 1574167                    /home/sunit/.sbt/boot/scala-2.12.4/org.scala-sbt/sbt/1.1.1/jna-platform-4.5.0.jar
7f0f1c022000-7f0f1c044000 r--s 0034a000 fe:02 1574237                    /home/sunit/.sbt/boot/scala-2.12.4/lib/scala-reflect.jar
7f0f1c044000-7f0f1c0ba000 rw-p 00000000 00:00 0 
7f0f1c0ba000-7f0f1c255000 r--p 00000000 fe:00 548843                     /usr/lib/locale/locale-archive
7f0f1c255000-7f0f1c257000 r-xp 00000000 fe:00 1185821                    /usr/lib/jvm/java-8-openjdk/jre/lib/amd64/libnpt.so
7f0f1c257000-7f0f1c457000 ---p 00002000 fe:00 1185821                    /usr/lib/jvm/java-8-openjdk/jre/lib/amd64/libnpt.so
7f0f1c457000-7f0f1c458000 r--p 00002000 fe:00 1185821                    /usr/lib/jvm/java-8-openjdk/jre/lib/amd64/libnpt.so
7f0f1c458000-7f0f1c459000 rw-p 00003000 fe:00 1185821                    /usr/lib/jvm/java-8-openjdk/jre/lib/amd64/libnpt.so
7f0f1c459000-7f0f1c494000 r-xp 00000000 fe:00 1185796                    /usr/lib/jvm/java-8-openjdk/jre/lib/amd64/libjdwp.so
7f0f1c494000-7f0f1c693000 ---p 0003b000 fe:00 1185796                    /usr/lib/jvm/java-8-openjdk/jre/lib/amd64/libjdwp.so
7f0f1c693000-7f0f1c694000 r--p 0003a000 fe:00 1185796                    /usr/lib/jvm/java-8-openjdk/jre/lib/amd64/libjdwp.so
7f0f1c694000-7f0f1c695000 rw-p 0003b000 fe:00 1185796                    /usr/lib/jvm/java-8-openjdk/jre/lib/amd64/libjdwp.so
7f0f1c695000-7f0f1c6c3000 r-xp 00000000 fe:00 1185816                    /usr/lib/jvm/java-8-openjdk/jre/lib/amd64/libjava.so
7f0f1c6c3000-7f0f1c8c2000 ---p 0002e000 fe:00 1185816                    /usr/lib/jvm/java-8-openjdk/jre/lib/amd64/libjava.so
7f0f1c8c2000-7f0f1c8c3000 r--p 0002d000 fe:00 1185816                    /usr/lib/jvm/java-8-openjdk/jre/lib/amd64/libjava.so
7f0f1c8c3000-7f0f1c8c5000 rw-p 0002e000 fe:00 1185816                    /usr/lib/jvm/java-8-openjdk/jre/lib/amd64/libjava.so
7f0f1c8c5000-7f0f1c8d2000 r-xp 00000000 fe:00 1185801                    /usr/lib/jvm/java-8-openjdk/jre/lib/amd64/libverify.so
7f0f1c8d2000-7f0f1cad1000 ---p 0000d000 fe:00 1185801                    /usr/lib/jvm/java-8-openjdk/jre/lib/amd64/libverify.so
7f0f1cad1000-7f0f1cad3000 r--p 0000c000 fe:00 1185801                    /usr/lib/jvm/java-8-openjdk/jre/lib/amd64/libverify.so
7f0f1cad3000-7f0f1cad4000 rw-p 0000e000 fe:00 1185801                    /usr/lib/jvm/java-8-openjdk/jre/lib/amd64/libverify.so
7f0f1cad4000-7f0f1cadb000 r-xp 00000000 fe:00 526448                     /usr/lib/librt-2.26.so
7f0f1cadb000-7f0f1ccda000 ---p 00007000 fe:00 526448                     /usr/lib/librt-2.26.so
7f0f1ccda000-7f0f1ccdb000 r--p 00006000 fe:00 526448                     /usr/lib/librt-2.26.so
7f0f1ccdb000-7f0f1ccdc000 rw-p 00007000 fe:00 526448                     /usr/lib/librt-2.26.so
7f0f1ccdc000-7f0f1ce27000 r-xp 00000000 fe:00 526480                     /usr/lib/libm-2.26.so
7f0f1ce27000-7f0f1d026000 ---p 0014b000 fe:00 526480                     /usr/lib/libm-2.26.so
7f0f1d026000-7f0f1d027000 r--p 0014a000 fe:00 526480                     /usr/lib/libm-2.26.so
7f0f1d027000-7f0f1d028000 rw-p 0014b000 fe:00 526480                     /usr/lib/libm-2.26.so
7f0f1d028000-7f0f1dcc0000 r-xp 00000000 fe:00 1185850                    /usr/lib/jvm/java-8-openjdk/jre/lib/amd64/server/libjvm.so
7f0f1dcc0000-7f0f1debf000 ---p 00c98000 fe:00 1185850                    /usr/lib/jvm/java-8-openjdk/jre/lib/amd64/server/libjvm.so
7f0f1debf000-7f0f1df53000 r--p 00c97000 fe:00 1185850                    /usr/lib/jvm/java-8-openjdk/jre/lib/amd64/server/libjvm.so
7f0f1df53000-7f0f1df7b000 rw-p 00d2b000 fe:00 1185850                    /usr/lib/jvm/java-8-openjdk/jre/lib/amd64/server/libjvm.so
7f0f1df7b000-7f0f1dfac000 rw-p 00000000 00:00 0 
7f0f1dfac000-7f0f1e15a000 r-xp 00000000 fe:00 526553                     /usr/lib/libc-2.26.so
7f0f1e15a000-7f0f1e359000 ---p 001ae000 fe:00 526553                     /usr/lib/libc-2.26.so
7f0f1e359000-7f0f1e35d000 r--p 001ad000 fe:00 526553                     /usr/lib/libc-2.26.so
7f0f1e35d000-7f0f1e35f000 rw-p 001b1000 fe:00 526553                     /usr/lib/libc-2.26.so
7f0f1e35f000-7f0f1e363000 rw-p 00000000 00:00 0 
7f0f1e363000-7f0f1e366000 r-xp 00000000 fe:00 526486                     /usr/lib/libdl-2.26.so
7f0f1e366000-7f0f1e565000 ---p 00003000 fe:00 526486                     /usr/lib/libdl-2.26.so
7f0f1e565000-7f0f1e566000 r--p 00002000 fe:00 526486                     /usr/lib/libdl-2.26.so
7f0f1e566000-7f0f1e567000 rw-p 00003000 fe:00 526486                     /usr/lib/libdl-2.26.so
7f0f1e567000-7f0f1e575000 r-xp 00000000 fe:00 1185849                    /usr/lib/jvm/java-8-openjdk/jre/lib/amd64/jli/libjli.so
7f0f1e575000-7f0f1e774000 ---p 0000e000 fe:00 1185849                    /usr/lib/jvm/java-8-openjdk/jre/lib/amd64/jli/libjli.so
7f0f1e774000-7f0f1e775000 r--p 0000d000 fe:00 1185849                    /usr/lib/jvm/java-8-openjdk/jre/lib/amd64/jli/libjli.so
7f0f1e775000-7f0f1e776000 rw-p 0000e000 fe:00 1185849                    /usr/lib/jvm/java-8-openjdk/jre/lib/amd64/jli/libjli.so
7f0f1e776000-7f0f1e78c000 r-xp 00000000 fe:00 537626                     /usr/lib/libz.so.1.2.11
7f0f1e78c000-7f0f1e98b000 ---p 00016000 fe:00 537626                     /usr/lib/libz.so.1.2.11
7f0f1e98b000-7f0f1e98c000 r--p 00015000 fe:00 537626                     /usr/lib/libz.so.1.2.11
7f0f1e98c000-7f0f1e98d000 rw-p 00016000 fe:00 537626                     /usr/lib/libz.so.1.2.11
7f0f1e98d000-7f0f1e9a6000 r-xp 00000000 fe:00 526574                     /usr/lib/libpthread-2.26.so
7f0f1e9a6000-7f0f1eba5000 ---p 00019000 fe:00 526574                     /usr/lib/libpthread-2.26.so
7f0f1eba5000-7f0f1eba6000 r--p 00018000 fe:00 526574                     /usr/lib/libpthread-2.26.so
7f0f1eba6000-7f0f1eba7000 rw-p 00019000 fe:00 526574                     /usr/lib/libpthread-2.26.so
7f0f1eba7000-7f0f1ebab000 rw-p 00000000 00:00 0 
7f0f1ebab000-7f0f1ebd0000 r-xp 00000000 fe:00 526554                     /usr/lib/ld-2.26.so
7f0f1ebd0000-7f0f1ebd1000 r--s 0000f000 fe:02 1574217                    /home/sunit/.sbt/boot/scala-2.12.4/org.scala-sbt/sbt/1.1.1/sbt-1.1.1.jar
7f0f1ebd1000-7f0f1ebd5000 r--s 00062000 fe:02 1574183                    /home/sunit/.sbt/boot/scala-2.12.4/org.scala-sbt/sbt/1.1.1/protocol_2.12-1.1.1.jar
7f0f1ebd5000-7f0f1ebd6000 r--s 00002000 fe:02 1574201                    /home/sunit/.sbt/boot/scala-2.12.4/org.scala-sbt/sbt/1.1.1/launcher-interface-1.0.2.jar
7f0f1ebd6000-7f0f1ebd9000 r--s 00022000 fe:02 1574190                    /home/sunit/.sbt/boot/scala-2.12.4/org.scala-sbt/sbt/1.1.1/sbinary_2.12-0.4.4.jar
7f0f1ebd9000-7f0f1ebf5000 r--s 0010c000 fe:02 1442210                    /home/sunit/.IntelliJIdea2017.2/config/plugins/Scala/launcher/sbt-launch.jar
7f0f1ebf5000-7f0f1ec9e000 rw-p 00000000 00:00 0 
7f0f1ec9e000-7f0f1ec9f000 ---p 00000000 00:00 0 
7f0f1ec9f000-7f0f1eca2000 ---p 00000000 00:00 0 
7f0f1eca2000-7f0f1eda3000 rw-p 00000000 00:00 0 
7f0f1eda3000-7f0f1eda4000 r--s 00003000 fe:02 1574204                    /home/sunit/.sbt/boot/scala-2.12.4/org.scala-sbt/sbt/1.1.1/util-relation_2.12-1.1.2.jar
7f0f1eda4000-7f0f1eda6000 r--s 00002000 fe:02 1574213                    /home/sunit/.sbt/boot/scala-2.12.4/org.scala-sbt/sbt/1.1.1/test-interface-1.0.jar
7f0f1eda6000-7f0f1eda8000 r--s 00012000 fe:02 1574224                    /home/sunit/.sbt/boot/scala-2.12.4/org.scala-sbt/sbt/1.1.1/core-macros_2.12-1.1.1.jar
7f0f1eda8000-7f0f1edac000 r--s 0004c000 fe:02 1574216                    /home/sunit/.sbt/boot/scala-2.12.4/org.scala-sbt/sbt/1.1.1/collections_2.12-1.1.1.jar
7f0f1edac000-7f0f1edb2000 r--s 00080000 fe:02 1574235                    /home/sunit/.sbt/boot/scala-2.12.4/lib/scala-xml_2.12.jar
7f0f1edb2000-7f0f1edb6000 r--s 0003e000 fe:02 1574233                    /home/sunit/.sbt/boot/scala-2.12.4/lib/jline.jar
7f0f1edb6000-7f0f1edc5000 rw-p 00000000 00:00 0 
7f0f1edc5000-7f0f1edcd000 rw-s 00000000 00:2b 95993                      /tmp/hsperfdata_sunit/4308
7f0f1edcd000-7f0f1edce000 rw-p 00000000 00:00 0 
7f0f1edce000-7f0f1edcf000 ---p 00000000 00:00 0 
7f0f1edcf000-7f0f1edd0000 r--p 00024000 fe:00 526554                     /usr/lib/ld-2.26.so
7f0f1edd0000-7f0f1edd1000 rw-p 00025000 fe:00 526554                     /usr/lib/ld-2.26.so
7f0f1edd1000-7f0f1edd2000 rw-p 00000000 00:00 0 
7ffe38512000-7ffe38533000 rw-p 00000000 00:00 0                          [stack]
7ffe3859d000-7ffe385a0000 r--p 00000000 00:00 0                          [vvar]
7ffe385a0000-7ffe385a2000 r-xp 00000000 00:00 0                          [vdso]

VM Arguments:
jvm_args: -agentlib:jdwp=transport=dt_socket,address=39723,suspend=n,server=y -Xmx768M -XX:MaxPermSize=384M -Didea.runid=2017.2 -Dfile.encoding=UTF-8 
java_command: /home/sunit/.IntelliJIdea2017.2/config/plugins/Scala/launcher/sbt-launch.jar idea-shell
java_class_path (initial): /home/sunit/.IntelliJIdea2017.2/config/plugins/Scala/launcher/sbt-launch.jar
Launcher Type: SUN_STANDARD

Environment Variables:
PATH=/usr/local/bin:/usr/bin:/bin:/usr/local/sbin:/usr/lib/jvm/default/bin:/usr/bin/site_perl:/usr/bin/vendor_perl:/usr/bin/core_perl
LD_LIBRARY_PATH=/opt/intellij-idea-ultimate-edition/bin:/opt/intellij-idea-ultimate-edition/bin:/opt/intellij-idea-ultimate-edition/bin:/opt/intellij-idea-ultimate-edition/bin:/opt/intellij-idea-ultimate-edition/bin:/opt/intellij-idea-ultimate-edition/bin:
SHELL=/usr/bin/zsh
DISPLAY=:0

Signal Handlers:
SIGSEGV: [libjvm.so+0xa9e370], sa_mask[0]=11111111011111111101111111111110, sa_flags=SA_RESTART|SA_SIGINFO
SIGBUS: [libjvm.so+0xa9e370], sa_mask[0]=11111111011111111101111111111110, sa_flags=SA_RESTART|SA_SIGINFO
SIGFPE: [libjvm.so+0x8d66a0], sa_mask[0]=11111111011111111101111111111110, sa_flags=SA_RESTART|SA_SIGINFO
SIGPIPE: [libjvm.so+0x8d66a0], sa_mask[0]=11111111011111111101111111111110, sa_flags=SA_RESTART|SA_SIGINFO
SIGXFSZ: [libjvm.so+0x8d66a0], sa_mask[0]=11111111011111111101111111111110, sa_flags=SA_RESTART|SA_SIGINFO
SIGILL: [libjvm.so+0x8d66a0], sa_mask[0]=11111111011111111101111111111110, sa_flags=SA_RESTART|SA_SIGINFO
SIGUSR1: SIG_DFL, sa_mask[0]=00000000000000000000000000000000, sa_flags=none
SIGUSR2: [libjvm.so+0x8d6550], sa_mask[0]=00100000000000000000000000000000, sa_flags=SA_RESTART|SA_SIGINFO
SIGHUP: SIG_IGN, sa_mask[0]=00000000000000000000000000000000, sa_flags=none
SIGINT: [libjvm.so+0x8d6a00], sa_mask[0]=11111111011111111101111111111110, sa_flags=SA_RESTART|SA_SIGINFO
SIGTERM: [libjvm.so+0x8d6a00], sa_mask[0]=11111111011111111101111111111110, sa_flags=SA_RESTART|SA_SIGINFO
SIGQUIT: [libjvm.so+0x8d6a00], sa_mask[0]=11111111011111111101111111111110, sa_flags=SA_RESTART|SA_SIGINFO


---------------  S Y S T E M  ---------------

OS:NAME="Arch Linux"
PRETTY_NAME="Arch Linux"
ID=arch
ID_LIKE=archlinux
ANSI_COLOR="0;36"
HOME_URL="https://www.archlinux.org/"
SUPPORT_URL="https://bbs.archlinux.org/"
BUG_REPORT_URL="https://bugs.archlinux.org/"

uname:Linux 4.15.5-1-ARCH #1 SMP PREEMPT Thu Feb 22 22:15:20 UTC 2018 x86_64
libc:glibc 2.26 NPTL 2.26 
rlimit: STACK 8192k, CORE infinity, NPROC 47359, NOFILE 4096, AS infinity
load average:3.34 3.24 2.31

/proc/meminfo:
MemTotal:       12204164 kB
MemFree:         6698188 kB
MemAvailable:    8796452 kB
Buffers:           93328 kB
Cached:          1846732 kB
SwapCached:            0 kB
Active:          3576876 kB
Inactive:        1686396 kB
Active(anon):    2732268 kB
Inactive(anon):   230368 kB
Active(file):     844608 kB
Inactive(file):  1456028 kB
Unevictable:          32 kB
Mlocked:              32 kB
SwapTotal:       4194300 kB
SwapFree:        4194300 kB
Dirty:             33224 kB
Writeback:             0 kB
AnonPages:       3323560 kB
Mapped:           369640 kB
Shmem:            231140 kB
Slab:             104004 kB
SReclaimable:      76828 kB
SUnreclaim:        27176 kB
KernelStack:        7744 kB
PageTables:        20772 kB
NFS_Unstable:          0 kB
Bounce:                0 kB
WritebackTmp:          0 kB
CommitLimit:    10296380 kB
Committed_AS:    5517396 kB
VmallocTotal:   34359738367 kB
VmallocUsed:           0 kB
VmallocChunk:          0 kB
HardwareCorrupted:     0 kB
AnonHugePages:         0 kB
ShmemHugePages:        0 kB
ShmemPmdMapped:        0 kB
HugePages_Total:       0
HugePages_Free:        0
HugePages_Rsvd:        0
HugePages_Surp:        0
Hugepagesize:       2048 kB
DirectMap4k:      104848 kB
DirectMap2M:     6090752 kB
DirectMap1G:     6291456 kB


CPU:total 4 (initial active 4) (2 cores per cpu, 2 threads per core) family 6 model 78 stepping 3, cmov, cx8, fxsr, mmx, sse, sse2, sse3, ssse3, sse4.1, sse4.2, popcnt, avx, avx2, aes, clmul, erms, 3dnowpref, lzcnt, ht, tsc, tscinvbit, bmi1, bmi2, adx

/proc/cpuinfo:
processor	: 0
vendor_id	: GenuineIntel
cpu family	: 6
model		: 78
model name	: Intel(R) Core(TM) i7-6500U CPU @ 2.50GHz
stepping	: 3
microcode	: 0x84
cpu MHz		: 2799.999
cache size	: 4096 KB
physical id	: 0
siblings	: 4
core id		: 0
cpu cores	: 2
apicid		: 0
initial apicid	: 0
fpu		: yes
fpu_exception	: yes
cpuid level	: 22
wp		: yes
flags		: fpu vme de pse tsc msr pae mce cx8 apic sep mtrr pge mca cmov pat pse36 clflush dts acpi mmx fxsr sse sse2 ss ht tm pbe syscall nx pdpe1gb rdtscp lm constant_tsc art arch_perfmon pebs bts rep_good nopl xtopology nonstop_tsc cpuid aperfmperf tsc_known_freq pni pclmulqdq dtes64 monitor ds_cpl vmx est tm2 ssse3 sdbg fma cx16 xtpr pdcm pcid sse4_1 sse4_2 x2apic movbe popcnt aes xsave avx f16c rdrand lahf_lm abm 3dnowprefetch cpuid_fault invpcid_single pti tpr_shadow vnmi flexpriority ept vpid fsgsbase tsc_adjust bmi1 avx2 smep bmi2 erms invpcid mpx rdseed adx smap clflushopt intel_pt xsaveopt xsavec xgetbv1 xsaves dtherm ida arat pln pts hwp hwp_notify hwp_act_window hwp_epp
bugs		: cpu_meltdown spectre_v1 spectre_v2
bogomips	: 5184.00
clflush size	: 64
cache_alignment	: 64
address sizes	: 39 bits physical, 48 bits virtual
power management:

processor	: 1
vendor_id	: GenuineIntel
cpu family	: 6
model		: 78
model name	: Intel(R) Core(TM) i7-6500U CPU @ 2.50GHz
stepping	: 3
microcode	: 0x84
cpu MHz		: 2799.999
cache size	: 4096 KB
physical id	: 0
siblings	: 4
core id		: 1
cpu cores	: 2
apicid		: 2
initial apicid	: 2
fpu		: yes
fpu_exception	: yes
cpuid level	: 22
wp		: yes
flags		: fpu vme de pse tsc msr pae mce cx8 apic sep mtrr pge mca cmov pat pse36 clflush dts acpi mmx fxsr sse sse2 ss ht tm pbe syscall nx pdpe1gb rdtscp lm constant_tsc art arch_perfmon pebs bts rep_good nopl xtopology nonstop_tsc cpuid aperfmperf tsc_known_freq pni pclmulqdq dtes64 monitor ds_cpl vmx est tm2 ssse3 sdbg fma cx16 xtpr pdcm pcid sse4_1 sse4_2 x2apic movbe popcnt aes xsave avx f16c rdrand lahf_lm abm 3dnowprefetch cpuid_fault invpcid_single pti tpr_shadow vnmi flexpriority ept vpid fsgsbase tsc_adjust bmi1 avx2 smep bmi2 erms invpcid mpx rdseed adx smap clflushopt intel_pt xsaveopt xsavec xgetbv1 xsaves dtherm ida arat pln pts hwp hwp_notify hwp_act_window hwp_epp
bugs		: cpu_meltdown spectre_v1 spectre_v2
bogomips	: 5184.00
clflush size	: 64
cache_alignment	: 64
address sizes	: 39 bits physical, 48 bits virtual
power management:

processor	: 2
vendor_id	: GenuineIntel
cpu family	: 6
model		: 78
model name	: Intel(R) Core(TM) i7-6500U CPU @ 2.50GHz
stepping	: 3
microcode	: 0x84
cpu MHz		: 2800.010
cache size	: 4096 KB
physical id	: 0
siblings	: 4
core id		: 0
cpu cores	: 2
apicid		: 1
initial apicid	: 1
fpu		: yes
fpu_exception	: yes
cpuid level	: 22
wp		: yes
flags		: fpu vme de pse tsc msr pae mce cx8 apic sep mtrr pge mca cmov pat pse36 clflush dts acpi mmx fxsr sse sse2 ss ht tm pbe syscall nx pdpe1gb rdtscp lm constant_tsc art arch_perfmon pebs bts rep_good nopl xtopology nonstop_tsc cpuid aperfmperf tsc_known_freq pni pclmulqdq dtes64 monitor ds_cpl vmx est tm2 ssse3 sdbg fma cx16 xtpr pdcm pcid sse4_1 sse4_2 x2apic movbe popcnt aes xsave avx f16c rdrand lahf_lm abm 3dnowprefetch cpuid_fault invpcid_single pti tpr_shadow vnmi flexpriority ept vpid fsgsbase tsc_adjust bmi1 avx2 smep bmi2 erms invpcid mpx rdseed adx smap clflushopt intel_pt xsaveopt xsavec xgetbv1 xsaves dtherm ida arat pln pts hwp hwp_notify hwp_act_window hwp_epp
bugs		: cpu_meltdown spectre_v1 spectre_v2
bogomips	: 5184.00
clflush size	: 64
cache_alignment	: 64
address sizes	: 39 bits physical, 48 bits virtual
power management:

processor	: 3
vendor_id	: GenuineIntel
cpu family	: 6
model		: 78
model name	: Intel(R) Core(TM) i7-6500U CPU @ 2.50GHz
stepping	: 3
microcode	: 0x84
cpu MHz		: 2799.999
cache size	: 4096 KB
physical id	: 0
siblings	: 4
core id		: 1
cpu cores	: 2
apicid		: 3
initial apicid	: 3
fpu		: yes
fpu_exception	: yes
cpuid level	: 22
wp		: yes
flags		: fpu vme de pse tsc msr pae mce cx8 apic sep mtrr pge mca cmov pat pse36 clflush dts acpi mmx fxsr sse sse2 ss ht tm pbe syscall nx pdpe1gb rdtscp lm constant_tsc art arch_perfmon pebs bts rep_good nopl xtopology nonstop_tsc cpuid aperfmperf tsc_known_freq pni pclmulqdq dtes64 monitor ds_cpl vmx est tm2 ssse3 sdbg fma cx16 xtpr pdcm pcid sse4_1 sse4_2 x2apic movbe popcnt aes xsave avx f16c rdrand lahf_lm abm 3dnowprefetch cpuid_fault invpcid_single pti tpr_shadow vnmi flexpriority ept vpid fsgsbase tsc_adjust bmi1 avx2 smep bmi2 erms invpcid mpx rdseed adx smap clflushopt intel_pt xsaveopt xsavec xgetbv1 xsaves dtherm ida arat pln pts hwp hwp_notify hwp_act_window hwp_epp
bugs		: cpu_meltdown spectre_v1 spectre_v2
bogomips	: 5184.00
clflush size	: 64
cache_alignment	: 64
address sizes	: 39 bits physical, 48 bits virtual
power management:



Memory: 4k page, physical 12204164k(6697996k free), swap 4194300k(4194300k free)

vm_info: OpenJDK 64-Bit Server VM (25.162-b12) for linux-amd64 JRE (1.8.0_162-b12), built on Feb 27 2018 12:14:51 by "builduser" with gcc 7.3.0

time: Tue Feb 27 23:32:20 2018
elapsed time: 89 seconds (0d 0h 1m 29s)

